{"/Users/morabp27/Downloads/EthicalAI-1/api/achievements.ts": {"path":"/Users/morabp27/Downloads/EthicalAI-1/api/achievements.ts","statementMap":{"0":{"start":{"line":97,"column":0},"end":{"line":97,"column":15}},"1":{"start":{"line":2,"column":0},"end":{"line":2,"column":53}},"2":{"start":{"line":4,"column":17},"end":{"line":6,"column":null}},"3":{"start":{"line":22,"column":36},"end":{"line":95,"column":2}},"4":{"start":{"line":99,"column":2},"end":{"line":99,"column":52}},"5":{"start":{"line":100,"column":2},"end":{"line":100,"column":70}},"6":{"start":{"line":101,"column":2},"end":{"line":101,"column":79}},"7":{"start":{"line":103,"column":2},"end":{"line":105,"column":3}},"8":{"start":{"line":104,"column":4},"end":{"line":104,"column":33}},"9":{"start":{"line":107,"column":2},"end":{"line":158,"column":3}},"10":{"start":{"line":108,"column":4},"end":{"line":135,"column":5}},"11":{"start":{"line":109,"column":29},"end":{"line":109,"column":38}},"12":{"start":{"line":111,"column":6},"end":{"line":134,"column":7}},"13":{"start":{"line":113,"column":32},"end":{"line":117,"column":53}},"14":{"start":{"line":119,"column":8},"end":{"line":122,"column":9}},"15":{"start":{"line":120,"column":10},"end":{"line":120,"column":68}},"16":{"start":{"line":121,"column":10},"end":{"line":121,"column":81}},"17":{"start":{"line":125,"column":37},"end":{"line":128,"column":11}},"18":{"start":{"line":125,"column":63},"end":{"line":128,"column":10}},"19":{"start":{"line":127,"column":45},"end":{"line":127,"column":84}},"20":{"start":{"line":130,"column":8},"end":{"line":130,"column":64}},"21":{"start":{"line":133,"column":8},"end":{"line":133,"column":50}},"22":{"start":{"line":137,"column":4},"end":{"line":151,"column":5}},"23":{"start":{"line":139,"column":29},"end":{"line":139,"column":37}},"24":{"start":{"line":141,"column":6},"end":{"line":143,"column":7}},"25":{"start":{"line":142,"column":8},"end":{"line":142,"column":70}},"26":{"start":{"line":145,"column":30},"end":{"line":145,"column":73}},"27":{"start":{"line":147,"column":6},"end":{"line":150,"column":9}},"28":{"start":{"line":153,"column":4},"end":{"line":153,"column":65}},"29":{"start":{"line":156,"column":4},"end":{"line":156,"column":39}},"30":{"start":{"line":157,"column":4},"end":{"line":157,"column":68}},"31":{"start":{"line":162,"column":2},"end":{"line":286,"column":3}},"32":{"start":{"line":164,"column":43},"end":{"line":167,"column":34}},"33":{"start":{"line":170,"column":35},"end":{"line":179,"column":35}},"34":{"start":{"line":181,"column":36},"end":{"line":185,"column":31}},"35":{"start":{"line":187,"column":41},"end":{"line":190,"column":35}},"36":{"start":{"line":193,"column":30},"end":{"line":193,"column":55}},"37":{"start":{"line":194,"column":26},"end":{"line":194,"column":88}},"38":{"start":{"line":194,"column":59},"end":{"line":194,"column":79}},"39":{"start":{"line":195,"column":29},"end":{"line":195,"column":55}},"40":{"start":{"line":196,"column":25},"end":{"line":196,"column":56}},"41":{"start":{"line":199,"column":26},"end":{"line":201,"column":49}},"42":{"start":{"line":200,"column":17},"end":{"line":200,"column":null}},"43":{"start":{"line":201,"column":23},"end":{"line":201,"column":42}},"44":{"start":{"line":203,"column":28},"end":{"line":205,"column":9}},"45":{"start":{"line":204,"column":45},"end":{"line":204,"column":56}},"46":{"start":{"line":208,"column":26},"end":{"line":210,"column":28}},"47":{"start":{"line":209,"column":21},"end":{"line":209,"column":null}},"48":{"start":{"line":211,"column":29},"end":{"line":211,"column":70}},"49":{"start":{"line":213,"column":35},"end":{"line":213,"column":37}},"50":{"start":{"line":216,"column":4},"end":{"line":279,"column":5}},"51":{"start":{"line":217,"column":25},"end":{"line":217,"column":26}},"52":{"start":{"line":219,"column":6},"end":{"line":238,"column":7}},"53":{"start":{"line":221,"column":10},"end":{"line":221,"column":43}},"54":{"start":{"line":222,"column":10},"end":{"line":222,"column":16}},"55":{"start":{"line":224,"column":10},"end":{"line":224,"column":42}},"56":{"start":{"line":225,"column":10},"end":{"line":225,"column":16}},"57":{"start":{"line":227,"column":10},"end":{"line":227,"column":39}},"58":{"start":{"line":228,"column":10},"end":{"line":228,"column":16}},"59":{"start":{"line":230,"column":10},"end":{"line":230,"column":41}},"60":{"start":{"line":231,"column":10},"end":{"line":231,"column":16}},"61":{"start":{"line":233,"column":10},"end":{"line":233,"column":38}},"62":{"start":{"line":234,"column":10},"end":{"line":234,"column":16}},"63":{"start":{"line":236,"column":10},"end":{"line":236,"column":42}},"64":{"start":{"line":237,"column":10},"end":{"line":237,"column":16}},"65":{"start":{"line":241,"column":40},"end":{"line":241,"column":44}},"66":{"start":{"line":242,"column":6},"end":{"line":246,"column":7}},"67":{"start":{"line":243,"column":8},"end":{"line":245,"column":9}},"68":{"start":{"line":244,"column":10},"end":{"line":244,"column":31}},"69":{"start":{"line":248,"column":6},"end":{"line":278,"column":7}},"70":{"start":{"line":250,"column":36},"end":{"line":251,"column":null}},"71":{"start":{"line":251,"column":15},"end":{"line":251,"column":94}},"72":{"start":{"line":254,"column":8},"end":{"line":277,"column":9}},"73":{"start":{"line":256,"column":50},"end":{"line":269,"column":21}},"74":{"start":{"line":271,"column":10},"end":{"line":276,"column":11}},"75":{"start":{"line":272,"column":12},"end":{"line":275,"column":15}},"76":{"start":{"line":281,"column":4},"end":{"line":281,"column":27}},"77":{"start":{"line":284,"column":4},"end":{"line":284,"column":57}},"78":{"start":{"line":285,"column":4},"end":{"line":285,"column":14}}},"fnMap":{"0":{"name":"handler","decl":{"start":{"line":97,"column":30},"end":{"line":97,"column":37}},"loc":{"start":{"line":97,"column":77},"end":{"line":159,"column":1}}},"1":{"name":"(anonymous_1)","decl":{"start":{"line":125,"column":47},"end":{"line":125,"column":58}},"loc":{"start":{"line":125,"column":63},"end":{"line":128,"column":10}}},"2":{"name":"(anonymous_2)","decl":{"start":{"line":127,"column":40},"end":{"line":127,"column":41}},"loc":{"start":{"line":127,"column":45},"end":{"line":127,"column":84}}},"3":{"name":"checkAndAwardAchievements","decl":{"start":{"line":161,"column":15},"end":{"line":161,"column":40}},"loc":{"start":{"line":161,"column":58},"end":{"line":287,"column":1}}},"4":{"name":"(anonymous_4)","decl":{"start":{"line":194,"column":47},"end":{"line":194,"column":48}},"loc":{"start":{"line":194,"column":59},"end":{"line":194,"column":79}}},"5":{"name":"(anonymous_5)","decl":{"start":{"line":200,"column":12},"end":{"line":200,"column":13}},"loc":{"start":{"line":200,"column":16},"end":{"line":200,"column":null}}},"6":{"name":"(anonymous_6)","decl":{"start":{"line":201,"column":14},"end":{"line":201,"column":19}},"loc":{"start":{"line":201,"column":23},"end":{"line":201,"column":42}}},"7":{"name":"(anonymous_7)","decl":{"start":{"line":204,"column":29},"end":{"line":204,"column":30}},"loc":{"start":{"line":204,"column":45},"end":{"line":204,"column":56}}},"8":{"name":"(anonymous_8)","decl":{"start":{"line":209,"column":16},"end":{"line":209,"column":17}},"loc":{"start":{"line":209,"column":20},"end":{"line":209,"column":null}}},"9":{"name":"(anonymous_9)","decl":{"start":{"line":251,"column":10},"end":{"line":251,"column":11}},"loc":{"start":{"line":251,"column":15},"end":{"line":251,"column":94}}}},"branchMap":{"0":{"loc":{"start":{"line":103,"column":2},"end":{"line":105,"column":3}},"type":"if","locations":[{"start":{"line":103,"column":2},"end":{"line":105,"column":3}},{"start":{},"end":{}}]},"1":{"loc":{"start":{"line":108,"column":4},"end":{"line":135,"column":5}},"type":"if","locations":[{"start":{"line":108,"column":4},"end":{"line":135,"column":5}},{"start":{},"end":{}}]},"2":{"loc":{"start":{"line":111,"column":6},"end":{"line":134,"column":7}},"type":"if","locations":[{"start":{"line":111,"column":6},"end":{"line":134,"column":7}},{"start":{"line":131,"column":13},"end":{"line":134,"column":7}}]},"3":{"loc":{"start":{"line":119,"column":8},"end":{"line":122,"column":9}},"type":"if","locations":[{"start":{"line":119,"column":8},"end":{"line":122,"column":9}},{"start":{},"end":{}}]},"4":{"loc":{"start":{"line":125,"column":37},"end":{"line":128,"column":11}},"type":"cond-expr","locations":[{"start":{"line":125,"column":41},"end":{"line":125,"column":43}},{"start":{"line":125,"column":37},"end":{"line":128,"column":11}}]},"5":{"loc":{"start":{"line":125,"column":37},"end":{"line":125,"column":43}},"type":"binary-expr","locations":[{"start":{"line":125,"column":37},"end":{"line":125,"column":43}},{"start":{"line":125,"column":37},"end":{"line":125,"column":43}}]},"6":{"loc":{"start":{"line":130,"column":36},"end":{"line":130,"column":62}},"type":"binary-expr","locations":[{"start":{"line":130,"column":36},"end":{"line":130,"column":56}},{"start":{"line":130,"column":60},"end":{"line":130,"column":62}}]},"7":{"loc":{"start":{"line":137,"column":4},"end":{"line":151,"column":5}},"type":"if","locations":[{"start":{"line":137,"column":4},"end":{"line":151,"column":5}},{"start":{},"end":{}}]},"8":{"loc":{"start":{"line":141,"column":6},"end":{"line":143,"column":7}},"type":"if","locations":[{"start":{"line":141,"column":6},"end":{"line":143,"column":7}},{"start":{},"end":{}}]},"9":{"loc":{"start":{"line":193,"column":30},"end":{"line":193,"column":55}},"type":"binary-expr","locations":[{"start":{"line":193,"column":30},"end":{"line":193,"column":50}},{"start":{"line":193,"column":54},"end":{"line":193,"column":55}}]},"10":{"loc":{"start":{"line":193,"column":30},"end":{"line":193,"column":50}},"type":"cond-expr","locations":[{"start":{"line":193,"column":42},"end":{"line":193,"column":44}},{"start":{"line":193,"column":30},"end":{"line":193,"column":50}}]},"11":{"loc":{"start":{"line":193,"column":30},"end":{"line":193,"column":44}},"type":"binary-expr","locations":[{"start":{"line":193,"column":30},"end":{"line":193,"column":44}},{"start":{"line":193,"column":30},"end":{"line":193,"column":44}}]},"12":{"loc":{"start":{"line":194,"column":26},"end":{"line":194,"column":88}},"type":"binary-expr","locations":[{"start":{"line":194,"column":26},"end":{"line":194,"column":83}},{"start":{"line":194,"column":87},"end":{"line":194,"column":88}}]},"13":{"loc":{"start":{"line":194,"column":26},"end":{"line":194,"column":83}},"type":"cond-expr","locations":[{"start":{"line":194,"column":38},"end":{"line":194,"column":40}},{"start":{"line":194,"column":26},"end":{"line":194,"column":83}}]},"14":{"loc":{"start":{"line":194,"column":26},"end":{"line":194,"column":40}},"type":"binary-expr","locations":[{"start":{"line":194,"column":26},"end":{"line":194,"column":40}},{"start":{"line":194,"column":26},"end":{"line":194,"column":40}}]},"15":{"loc":{"start":{"line":194,"column":66},"end":{"line":194,"column":78}},"type":"binary-expr","locations":[{"start":{"line":194,"column":66},"end":{"line":194,"column":73}},{"start":{"line":194,"column":77},"end":{"line":194,"column":78}}]},"16":{"loc":{"start":{"line":195,"column":29},"end":{"line":195,"column":55}},"type":"binary-expr","locations":[{"start":{"line":195,"column":29},"end":{"line":195,"column":50}},{"start":{"line":195,"column":54},"end":{"line":195,"column":55}}]},"17":{"loc":{"start":{"line":195,"column":29},"end":{"line":195,"column":50}},"type":"cond-expr","locations":[{"start":{"line":195,"column":42},"end":{"line":195,"column":44}},{"start":{"line":195,"column":29},"end":{"line":195,"column":50}}]},"18":{"loc":{"start":{"line":195,"column":29},"end":{"line":195,"column":44}},"type":"binary-expr","locations":[{"start":{"line":195,"column":29},"end":{"line":195,"column":44}},{"start":{"line":195,"column":29},"end":{"line":195,"column":44}}]},"19":{"loc":{"start":{"line":196,"column":25},"end":{"line":196,"column":56}},"type":"binary-expr","locations":[{"start":{"line":196,"column":25},"end":{"line":196,"column":51}},{"start":{"line":196,"column":55},"end":{"line":196,"column":56}}]},"20":{"loc":{"start":{"line":196,"column":25},"end":{"line":196,"column":51}},"type":"cond-expr","locations":[{"start":{"line":196,"column":43},"end":{"line":196,"column":45}},{"start":{"line":196,"column":25},"end":{"line":196,"column":51}}]},"21":{"loc":{"start":{"line":196,"column":25},"end":{"line":196,"column":45}},"type":"binary-expr","locations":[{"start":{"line":196,"column":25},"end":{"line":196,"column":45}},{"start":{"line":196,"column":25},"end":{"line":196,"column":45}}]},"22":{"loc":{"start":{"line":199,"column":26},"end":{"line":201,"column":49}},"type":"binary-expr","locations":[{"start":{"line":199,"column":26},"end":{"line":201,"column":43}},{"start":{"line":201,"column":47},"end":{"line":201,"column":49}}]},"23":{"loc":{"start":{"line":199,"column":26},"end":{"line":201,"column":43}},"type":"cond-expr","locations":[{"start":{"line":199,"column":38},"end":{"line":199,"column":null}},{"start":{"line":199,"column":26},"end":{"line":201,"column":43}}]},"24":{"loc":{"start":{"line":199,"column":26},"end":{"line":199,"column":null}},"type":"binary-expr","locations":[{"start":{"line":199,"column":26},"end":{"line":199,"column":null}},{"start":{"line":199,"column":26},"end":{"line":199,"column":null}}]},"25":{"loc":{"start":{"line":200,"column":17},"end":{"line":200,"column":59}},"type":"cond-expr","locations":[{"start":{"line":200,"column":44},"end":{"line":200,"column":46}},{"start":{"line":200,"column":44},"end":{"line":200,"column":59}}]},"26":{"loc":{"start":{"line":200,"column":17},"end":{"line":200,"column":46}},"type":"binary-expr","locations":[{"start":{"line":200,"column":17},"end":{"line":200,"column":46}},{"start":{"line":200,"column":44},"end":{"line":200,"column":46}}]},"27":{"loc":{"start":{"line":200,"column":17},"end":{"line":200,"column":44}},"type":"cond-expr","locations":[{"start":{"line":200,"column":39},"end":{"line":200,"column":42}},{"start":{"line":200,"column":39},"end":{"line":200,"column":44}}]},"28":{"loc":{"start":{"line":200,"column":17},"end":{"line":200,"column":42}},"type":"binary-expr","locations":[{"start":{"line":200,"column":17},"end":{"line":200,"column":42}},{"start":{"line":200,"column":39},"end":{"line":200,"column":42}}]},"29":{"loc":{"start":{"line":203,"column":28},"end":{"line":205,"column":9}},"type":"cond-expr","locations":[{"start":{"line":204,"column":8},"end":{"line":204,"column":83}},{"start":{"line":205,"column":8},"end":{"line":205,"column":9}}]},"30":{"loc":{"start":{"line":208,"column":26},"end":{"line":210,"column":28}},"type":"binary-expr","locations":[{"start":{"line":208,"column":26},"end":{"line":210,"column":22}},{"start":{"line":210,"column":26},"end":{"line":210,"column":28}}]},"31":{"loc":{"start":{"line":208,"column":26},"end":{"line":210,"column":22}},"type":"cond-expr","locations":[{"start":{"line":208,"column":38},"end":{"line":208,"column":null}},{"start":{"line":208,"column":26},"end":{"line":210,"column":22}}]},"32":{"loc":{"start":{"line":208,"column":26},"end":{"line":208,"column":null}},"type":"binary-expr","locations":[{"start":{"line":208,"column":26},"end":{"line":208,"column":null}},{"start":{"line":208,"column":26},"end":{"line":208,"column":null}}]},"33":{"loc":{"start":{"line":209,"column":21},"end":{"line":209,"column":74}},"type":"binary-expr","locations":[{"start":{"line":209,"column":21},"end":{"line":209,"column":68}},{"start":{"line":209,"column":72},"end":{"line":209,"column":74}}]},"34":{"loc":{"start":{"line":209,"column":21},"end":{"line":209,"column":68}},"type":"cond-expr","locations":[{"start":{"line":209,"column":48},"end":{"line":209,"column":50}},{"start":{"line":209,"column":48},"end":{"line":209,"column":68}}]},"35":{"loc":{"start":{"line":209,"column":21},"end":{"line":209,"column":50}},"type":"binary-expr","locations":[{"start":{"line":209,"column":21},"end":{"line":209,"column":50}},{"start":{"line":209,"column":48},"end":{"line":209,"column":50}}]},"36":{"loc":{"start":{"line":209,"column":21},"end":{"line":209,"column":48}},"type":"cond-expr","locations":[{"start":{"line":209,"column":43},"end":{"line":209,"column":46}},{"start":{"line":209,"column":43},"end":{"line":209,"column":48}}]},"37":{"loc":{"start":{"line":209,"column":21},"end":{"line":209,"column":46}},"type":"binary-expr","locations":[{"start":{"line":209,"column":21},"end":{"line":209,"column":46}},{"start":{"line":209,"column":43},"end":{"line":209,"column":46}}]},"38":{"loc":{"start":{"line":219,"column":6},"end":{"line":238,"column":7}},"type":"switch","locations":[{"start":{"line":220,"column":8},"end":{"line":222,"column":16}},{"start":{"line":223,"column":8},"end":{"line":225,"column":16}},{"start":{"line":226,"column":8},"end":{"line":228,"column":16}},{"start":{"line":229,"column":8},"end":{"line":231,"column":16}},{"start":{"line":232,"column":8},"end":{"line":234,"column":16}},{"start":{"line":235,"column":8},"end":{"line":237,"column":16}}]},"39":{"loc":{"start":{"line":243,"column":8},"end":{"line":245,"column":9}},"type":"if","locations":[{"start":{"line":243,"column":8},"end":{"line":245,"column":9}},{"start":{},"end":{}}]},"40":{"loc":{"start":{"line":248,"column":6},"end":{"line":278,"column":7}},"type":"if","locations":[{"start":{"line":248,"column":6},"end":{"line":278,"column":7}},{"start":{},"end":{}}]},"41":{"loc":{"start":{"line":250,"column":36},"end":{"line":251,"column":null}},"type":"cond-expr","locations":[{"start":{"line":250,"column":56},"end":{"line":250,"column":58}},{"start":{"line":250,"column":36},"end":{"line":251,"column":null}}]},"42":{"loc":{"start":{"line":250,"column":36},"end":{"line":250,"column":58}},"type":"binary-expr","locations":[{"start":{"line":250,"column":36},"end":{"line":250,"column":58}},{"start":{"line":250,"column":36},"end":{"line":250,"column":58}}]},"43":{"loc":{"start":{"line":251,"column":15},"end":{"line":251,"column":94}},"type":"binary-expr","locations":[{"start":{"line":251,"column":15},"end":{"line":251,"column":54}},{"start":{"line":251,"column":58},"end":{"line":251,"column":94}}]},"44":{"loc":{"start":{"line":254,"column":8},"end":{"line":277,"column":9}},"type":"if","locations":[{"start":{"line":254,"column":8},"end":{"line":277,"column":9}},{"start":{},"end":{}}]},"45":{"loc":{"start":{"line":271,"column":10},"end":{"line":276,"column":11}},"type":"if","locations":[{"start":{"line":271,"column":10},"end":{"line":276,"column":11}},{"start":{},"end":{}}]},"46":{"loc":{"start":{"line":271,"column":14},"end":{"line":271,"column":38}},"type":"binary-expr","locations":[{"start":{"line":271,"column":14},"end":{"line":271,"column":20}},{"start":{"line":271,"column":24},"end":{"line":271,"column":38}}]}},"s":{"0":0,"1":0,"2":0,"3":0,"4":0,"5":0,"6":0,"7":0,"8":0,"9":0,"10":0,"11":0,"12":0,"13":0,"14":0,"15":0,"16":0,"17":0,"18":0,"19":0,"20":0,"21":0,"22":0,"23":0,"24":0,"25":0,"26":0,"27":0,"28":0,"29":0,"30":0,"31":0,"32":0,"33":0,"34":0,"35":0,"36":0,"37":0,"38":0,"39":0,"40":0,"41":0,"42":0,"43":0,"44":0,"45":0,"46":0,"47":0,"48":0,"49":0,"50":0,"51":0,"52":0,"53":0,"54":0,"55":0,"56":0,"57":0,"58":0,"59":0,"60":0,"61":0,"62":0,"63":0,"64":0,"65":0,"66":0,"67":0,"68":0,"69":0,"70":0,"71":0,"72":0,"73":0,"74":0,"75":0,"76":0,"77":0,"78":0},"f":{"0":0,"1":0,"2":0,"3":0,"4":0,"5":0,"6":0,"7":0,"8":0,"9":0},"b":{"0":[0,0],"1":[0,0],"2":[0,0],"3":[0,0],"4":[0,0],"5":[0,0],"6":[0,0],"7":[0,0],"8":[0,0],"9":[0,0],"10":[0,0],"11":[0,0],"12":[0,0],"13":[0,0],"14":[0,0],"15":[0,0],"16":[0,0],"17":[0,0],"18":[0,0],"19":[0,0],"20":[0,0],"21":[0,0],"22":[0,0],"23":[0,0],"24":[0,0],"25":[0,0],"26":[0,0],"27":[0,0],"28":[0,0],"29":[0,0],"30":[0,0],"31":[0,0],"32":[0,0],"33":[0,0],"34":[0,0],"35":[0,0],"36":[0,0],"37":[0,0],"38":[0,0,0,0,0,0],"39":[0,0],"40":[0,0],"41":[0,0],"42":[0,0],"43":[0,0],"44":[0,0],"45":[0,0],"46":[0,0]}}
,"/Users/morabp27/Downloads/EthicalAI-1/api/leaderboard.ts": {"path":"/Users/morabp27/Downloads/EthicalAI-1/api/leaderboard.ts","statementMap":{"0":{"start":{"line":10,"column":0},"end":{"line":10,"column":15}},"1":{"start":{"line":2,"column":0},"end":{"line":2,"column":53}},"2":{"start":{"line":3,"column":0},"end":{"line":3,"column":59}},"3":{"start":{"line":5,"column":17},"end":{"line":7,"column":null}},"4":{"start":{"line":12,"column":2},"end":{"line":12,"column":52}},"5":{"start":{"line":13,"column":2},"end":{"line":13,"column":70}},"6":{"start":{"line":14,"column":2},"end":{"line":14,"column":79}},"7":{"start":{"line":16,"column":2},"end":{"line":18,"column":3}},"8":{"start":{"line":17,"column":4},"end":{"line":17,"column":33}},"9":{"start":{"line":20,"column":2},"end":{"line":74,"column":3}},"10":{"start":{"line":21,"column":4},"end":{"line":58,"column":5}},"11":{"start":{"line":22,"column":72},"end":{"line":22,"column":81}},"12":{"start":{"line":25,"column":18},"end":{"line":30,"column":41}},"13":{"start":{"line":32,"column":6},"end":{"line":48,"column":7}},"14":{"start":{"line":33,"column":20},"end":{"line":33,"column":30}},"15":{"start":{"line":36,"column":8},"end":{"line":45,"column":9}},"16":{"start":{"line":38,"column":12},"end":{"line":38,"column":71}},"17":{"start":{"line":39,"column":12},"end":{"line":39,"column":18}},"18":{"start":{"line":41,"column":12},"end":{"line":41,"column":74}},"19":{"start":{"line":42,"column":12},"end":{"line":42,"column":18}},"20":{"start":{"line":44,"column":12},"end":{"line":44,"column":36}},"21":{"start":{"line":47,"column":8},"end":{"line":47,"column":81}},"22":{"start":{"line":50,"column":30},"end":{"line":50,"column":41}},"23":{"start":{"line":52,"column":6},"end":{"line":55,"column":7}},"24":{"start":{"line":53,"column":8},"end":{"line":53,"column":60}},"25":{"start":{"line":54,"column":8},"end":{"line":54,"column":78}},"26":{"start":{"line":57,"column":6},"end":{"line":57,"column":46}},"27":{"start":{"line":60,"column":4},"end":{"line":67,"column":5}},"28":{"start":{"line":62,"column":6},"end":{"line":62,"column":50}},"29":{"start":{"line":64,"column":6},"end":{"line":64,"column":37}},"30":{"start":{"line":66,"column":6},"end":{"line":66,"column":90}},"31":{"start":{"line":69,"column":4},"end":{"line":69,"column":65}},"32":{"start":{"line":72,"column":4},"end":{"line":72,"column":39}},"33":{"start":{"line":73,"column":4},"end":{"line":73,"column":68}},"34":{"start":{"line":78,"column":2},"end":{"line":226,"column":3}},"35":{"start":{"line":80,"column":35},"end":{"line":90,"column":8}},"36":{"start":{"line":92,"column":36},"end":{"line":95,"column":31}},"37":{"start":{"line":97,"column":46},"end":{"line":103,"column":9}},"38":{"start":{"line":106,"column":25},"end":{"line":106,"column":47}},"39":{"start":{"line":109,"column":5},"end":{"line":133,"column":8}},"40":{"start":{"line":110,"column":7},"end":{"line":110,"column":34}},"41":{"start":{"line":110,"column":27},"end":{"line":110,"column":34}},"42":{"start":{"line":112,"column":23},"end":{"line":121,"column":9}},"43":{"start":{"line":123,"column":7},"end":{"line":123,"column":36}},"44":{"start":{"line":124,"column":7},"end":{"line":124,"column":46}},"45":{"start":{"line":127,"column":7},"end":{"line":130,"column":8}},"46":{"start":{"line":128,"column":9},"end":{"line":128,"column":78}},"47":{"start":{"line":129,"column":9},"end":{"line":129,"column":80}},"48":{"start":{"line":132,"column":7},"end":{"line":132,"column":47}},"49":{"start":{"line":136,"column":5},"end":{"line":153,"column":8}},"50":{"start":{"line":137,"column":7},"end":{"line":137,"column":34}},"51":{"start":{"line":137,"column":27},"end":{"line":137,"column":34}},"52":{"start":{"line":139,"column":23},"end":{"line":148,"column":9}},"53":{"start":{"line":150,"column":7},"end":{"line":150,"column":35}},"54":{"start":{"line":151,"column":7},"end":{"line":151,"column":43}},"55":{"start":{"line":152,"column":7},"end":{"line":152,"column":47}},"56":{"start":{"line":156,"column":5},"end":{"line":164,"column":8}},"57":{"start":{"line":157,"column":26},"end":{"line":157,"column":53}},"58":{"start":{"line":158,"column":7},"end":{"line":158,"column":31}},"59":{"start":{"line":158,"column":24},"end":{"line":158,"column":31}},"60":{"start":{"line":160,"column":23},"end":{"line":160,"column":50}},"61":{"start":{"line":161,"column":7},"end":{"line":163,"column":8}},"62":{"start":{"line":162,"column":9},"end":{"line":162,"column":35}},"63":{"start":{"line":167,"column":32},"end":{"line":197,"column":7}},"64":{"start":{"line":168,"column":31},"end":{"line":170,"column":14}},"65":{"start":{"line":172,"column":21},"end":{"line":178,"column":9}},"66":{"start":{"line":180,"column":7},"end":{"line":196,"column":9}},"67":{"start":{"line":200,"column":5},"end":{"line":200,"column":58}},"68":{"start":{"line":200,"column":39},"end":{"line":200,"column":56}},"69":{"start":{"line":201,"column":5},"end":{"line":203,"column":8}},"70":{"start":{"line":202,"column":7},"end":{"line":202,"column":39}},"71":{"start":{"line":206,"column":4},"end":{"line":209,"column":33}},"72":{"start":{"line":212,"column":4},"end":{"line":222,"column":5}},"73":{"start":{"line":213,"column":24},"end":{"line":215,"column":35}},"74":{"start":{"line":217,"column":6},"end":{"line":221,"column":7}},"75":{"start":{"line":218,"column":8},"end":{"line":218,"column":69}},"76":{"start":{"line":220,"column":8},"end":{"line":220,"column":85}},"77":{"start":{"line":225,"column":4},"end":{"line":225,"column":61}}},"fnMap":{"0":{"name":"handler","decl":{"start":{"line":10,"column":30},"end":{"line":10,"column":37}},"loc":{"start":{"line":10,"column":77},"end":{"line":75,"column":1}}},"1":{"name":"recalculateLeaderboard","decl":{"start":{"line":77,"column":15},"end":{"line":77,"column":37}},"loc":{"start":{"line":77,"column":37},"end":{"line":227,"column":1}}},"2":{"name":"(anonymous_2)","decl":{"start":{"line":109,"column":27},"end":{"line":109,"column":28}},"loc":{"start":{"line":109,"column":38},"end":{"line":133,"column":6}}},"3":{"name":"(anonymous_3)","decl":{"start":{"line":136,"column":28},"end":{"line":136,"column":29}},"loc":{"start":{"line":136,"column":39},"end":{"line":153,"column":6}}},"4":{"name":"(anonymous_4)","decl":{"start":{"line":156,"column":33},"end":{"line":156,"column":34}},"loc":{"start":{"line":156,"column":44},"end":{"line":164,"column":6}}},"5":{"name":"(anonymous_5)","decl":{"start":{"line":167,"column":70},"end":{"line":167,"column":71}},"loc":{"start":{"line":167,"column":94},"end":{"line":197,"column":6}}},"6":{"name":"(anonymous_6)","decl":{"start":{"line":200,"column":29},"end":{"line":200,"column":30}},"loc":{"start":{"line":200,"column":39},"end":{"line":200,"column":56}}},"7":{"name":"(anonymous_7)","decl":{"start":{"line":201,"column":32},"end":{"line":201,"column":33}},"loc":{"start":{"line":201,"column":49},"end":{"line":203,"column":6}}}},"branchMap":{"0":{"loc":{"start":{"line":16,"column":2},"end":{"line":18,"column":3}},"type":"if","locations":[{"start":{"line":16,"column":2},"end":{"line":18,"column":3}},{"start":{},"end":{}}]},"1":{"loc":{"start":{"line":21,"column":4},"end":{"line":58,"column":5}},"type":"if","locations":[{"start":{"line":21,"column":4},"end":{"line":58,"column":5}},{"start":{},"end":{}}]},"2":{"loc":{"start":{"line":22,"column":14},"end":{"line":22,"column":34}},"type":"default-arg","locations":[{"start":{"line":22,"column":25},"end":{"line":22,"column":34}}]},"3":{"loc":{"start":{"line":22,"column":36},"end":{"line":22,"column":55}},"type":"default-arg","locations":[{"start":{"line":22,"column":45},"end":{"line":22,"column":55}}]},"4":{"loc":{"start":{"line":22,"column":57},"end":{"line":22,"column":67}},"type":"default-arg","locations":[{"start":{"line":22,"column":65},"end":{"line":22,"column":67}}]},"5":{"loc":{"start":{"line":32,"column":6},"end":{"line":48,"column":7}},"type":"if","locations":[{"start":{"line":32,"column":6},"end":{"line":48,"column":7}},{"start":{},"end":{}}]},"6":{"loc":{"start":{"line":36,"column":8},"end":{"line":45,"column":9}},"type":"switch","locations":[{"start":{"line":37,"column":10},"end":{"line":39,"column":18}},{"start":{"line":40,"column":10},"end":{"line":42,"column":18}},{"start":{"line":43,"column":10},"end":{"line":44,"column":36}}]},"7":{"loc":{"start":{"line":52,"column":6},"end":{"line":55,"column":7}},"type":"if","locations":[{"start":{"line":52,"column":6},"end":{"line":55,"column":7}},{"start":{},"end":{}}]},"8":{"loc":{"start":{"line":57,"column":34},"end":{"line":57,"column":44}},"type":"binary-expr","locations":[{"start":{"line":57,"column":34},"end":{"line":57,"column":38}},{"start":{"line":57,"column":42},"end":{"line":57,"column":44}}]},"9":{"loc":{"start":{"line":60,"column":4},"end":{"line":67,"column":5}},"type":"if","locations":[{"start":{"line":60,"column":4},"end":{"line":67,"column":5}},{"start":{},"end":{}}]},"10":{"loc":{"start":{"line":109,"column":5},"end":{"line":133,"column":7}},"type":"cond-expr","locations":[{"start":{"line":109,"column":17},"end":{"line":109,"column":19}},{"start":{"line":109,"column":5},"end":{"line":133,"column":7}}]},"11":{"loc":{"start":{"line":109,"column":5},"end":{"line":109,"column":19}},"type":"binary-expr","locations":[{"start":{"line":109,"column":5},"end":{"line":109,"column":19}},{"start":{"line":109,"column":5},"end":{"line":109,"column":19}}]},"12":{"loc":{"start":{"line":110,"column":7},"end":{"line":110,"column":34}},"type":"if","locations":[{"start":{"line":110,"column":7},"end":{"line":110,"column":34}},{"start":{},"end":{}}]},"13":{"loc":{"start":{"line":112,"column":23},"end":{"line":121,"column":9}},"type":"binary-expr","locations":[{"start":{"line":112,"column":23},"end":{"line":112,"column":53}},{"start":{"line":112,"column":57},"end":{"line":121,"column":9}}]},"14":{"loc":{"start":{"line":124,"column":33},"end":{"line":124,"column":45}},"type":"binary-expr","locations":[{"start":{"line":124,"column":33},"end":{"line":124,"column":40}},{"start":{"line":124,"column":44},"end":{"line":124,"column":45}}]},"15":{"loc":{"start":{"line":127,"column":7},"end":{"line":130,"column":8}},"type":"if","locations":[{"start":{"line":127,"column":7},"end":{"line":130,"column":8}},{"start":{},"end":{}}]},"16":{"loc":{"start":{"line":127,"column":11},"end":{"line":127,"column":53}},"type":"cond-expr","locations":[{"start":{"line":127,"column":38},"end":{"line":127,"column":40}},{"start":{"line":127,"column":38},"end":{"line":127,"column":53}}]},"17":{"loc":{"start":{"line":127,"column":11},"end":{"line":127,"column":40}},"type":"binary-expr","locations":[{"start":{"line":127,"column":11},"end":{"line":127,"column":40}},{"start":{"line":127,"column":38},"end":{"line":127,"column":40}}]},"18":{"loc":{"start":{"line":127,"column":11},"end":{"line":127,"column":38}},"type":"cond-expr","locations":[{"start":{"line":127,"column":33},"end":{"line":127,"column":36}},{"start":{"line":127,"column":33},"end":{"line":127,"column":38}}]},"19":{"loc":{"start":{"line":127,"column":11},"end":{"line":127,"column":36}},"type":"binary-expr","locations":[{"start":{"line":127,"column":11},"end":{"line":127,"column":36}},{"start":{"line":127,"column":33},"end":{"line":127,"column":36}}]},"20":{"loc":{"start":{"line":136,"column":5},"end":{"line":153,"column":7}},"type":"cond-expr","locations":[{"start":{"line":136,"column":18},"end":{"line":136,"column":20}},{"start":{"line":136,"column":5},"end":{"line":153,"column":7}}]},"21":{"loc":{"start":{"line":136,"column":5},"end":{"line":136,"column":20}},"type":"binary-expr","locations":[{"start":{"line":136,"column":5},"end":{"line":136,"column":20}},{"start":{"line":136,"column":5},"end":{"line":136,"column":20}}]},"22":{"loc":{"start":{"line":137,"column":7},"end":{"line":137,"column":34}},"type":"if","locations":[{"start":{"line":137,"column":7},"end":{"line":137,"column":34}},{"start":{},"end":{}}]},"23":{"loc":{"start":{"line":139,"column":23},"end":{"line":148,"column":9}},"type":"binary-expr","locations":[{"start":{"line":139,"column":23},"end":{"line":139,"column":53}},{"start":{"line":139,"column":57},"end":{"line":148,"column":9}}]},"24":{"loc":{"start":{"line":156,"column":5},"end":{"line":164,"column":7}},"type":"cond-expr","locations":[{"start":{"line":156,"column":23},"end":{"line":156,"column":25}},{"start":{"line":156,"column":5},"end":{"line":164,"column":7}}]},"25":{"loc":{"start":{"line":156,"column":5},"end":{"line":156,"column":25}},"type":"binary-expr","locations":[{"start":{"line":156,"column":5},"end":{"line":156,"column":25}},{"start":{"line":156,"column":5},"end":{"line":156,"column":25}}]},"26":{"loc":{"start":{"line":157,"column":26},"end":{"line":157,"column":53}},"type":"cond-expr","locations":[{"start":{"line":157,"column":40},"end":{"line":157,"column":42}},{"start":{"line":157,"column":40},"end":{"line":157,"column":53}}]},"27":{"loc":{"start":{"line":157,"column":26},"end":{"line":157,"column":42}},"type":"binary-expr","locations":[{"start":{"line":157,"column":26},"end":{"line":157,"column":42}},{"start":{"line":157,"column":40},"end":{"line":157,"column":42}}]},"28":{"loc":{"start":{"line":158,"column":7},"end":{"line":158,"column":31}},"type":"if","locations":[{"start":{"line":158,"column":7},"end":{"line":158,"column":31}},{"start":{},"end":{}}]},"29":{"loc":{"start":{"line":161,"column":7},"end":{"line":163,"column":8}},"type":"if","locations":[{"start":{"line":161,"column":7},"end":{"line":163,"column":8}},{"start":{},"end":{}}]},"30":{"loc":{"start":{"line":161,"column":11},"end":{"line":161,"column":43}},"type":"binary-expr","locations":[{"start":{"line":161,"column":11},"end":{"line":161,"column":18}},{"start":{"line":161,"column":22},"end":{"line":161,"column":43}}]},"31":{"loc":{"start":{"line":168,"column":31},"end":{"line":170,"column":14}},"type":"cond-expr","locations":[{"start":{"line":169,"column":11},"end":{"line":169,"column":70}},{"start":{"line":170,"column":11},"end":{"line":170,"column":14}}]},"32":{"loc":{"start":{"line":181,"column":21},"end":{"line":181,"column":68}},"type":"binary-expr","locations":[{"start":{"line":181,"column":21},"end":{"line":181,"column":39}},{"start":{"line":181,"column":43},"end":{"line":181,"column":68}}]},"33":{"loc":{"start":{"line":212,"column":4},"end":{"line":222,"column":5}},"type":"if","locations":[{"start":{"line":212,"column":4},"end":{"line":222,"column":5}},{"start":{},"end":{}}]},"34":{"loc":{"start":{"line":217,"column":6},"end":{"line":221,"column":7}},"type":"if","locations":[{"start":{"line":217,"column":6},"end":{"line":221,"column":7}},{"start":{"line":219,"column":13},"end":{"line":221,"column":7}}]}},"s":{"0":0,"1":0,"2":0,"3":0,"4":0,"5":0,"6":0,"7":0,"8":0,"9":0,"10":0,"11":0,"12":0,"13":0,"14":0,"15":0,"16":0,"17":0,"18":0,"19":0,"20":0,"21":0,"22":0,"23":0,"24":0,"25":0,"26":0,"27":0,"28":0,"29":0,"30":0,"31":0,"32":0,"33":0,"34":0,"35":0,"36":0,"37":0,"38":0,"39":0,"40":0,"41":0,"42":0,"43":0,"44":0,"45":0,"46":0,"47":0,"48":0,"49":0,"50":0,"51":0,"52":0,"53":0,"54":0,"55":0,"56":0,"57":0,"58":0,"59":0,"60":0,"61":0,"62":0,"63":0,"64":0,"65":0,"66":0,"67":0,"68":0,"69":0,"70":0,"71":0,"72":0,"73":0,"74":0,"75":0,"76":0,"77":0},"f":{"0":0,"1":0,"2":0,"3":0,"4":0,"5":0,"6":0,"7":0},"b":{"0":[0,0],"1":[0,0],"2":[0],"3":[0],"4":[0],"5":[0,0],"6":[0,0,0],"7":[0,0],"8":[0,0],"9":[0,0],"10":[0,0],"11":[0,0],"12":[0,0],"13":[0,0],"14":[0,0],"15":[0,0],"16":[0,0],"17":[0,0],"18":[0,0],"19":[0,0],"20":[0,0],"21":[0,0],"22":[0,0],"23":[0,0],"24":[0,0],"25":[0,0],"26":[0,0],"27":[0,0],"28":[0,0],"29":[0,0],"30":[0,0],"31":[0,0],"32":[0,0],"33":[0,0],"34":[0,0]}}
,"/Users/morabp27/Downloads/EthicalAI-1/api/perspective-rankings.ts": {"path":"/Users/morabp27/Downloads/EthicalAI-1/api/perspective-rankings.ts","statementMap":{"0":{"start":{"line":14,"column":0},"end":{"line":14,"column":15}},"1":{"start":{"line":2,"column":0},"end":{"line":2,"column":62}},"2":{"start":{"line":15,"column":2},"end":{"line":15,"column":57}},"3":{"start":{"line":16,"column":2},"end":{"line":16,"column":37}},"4":{"start":{"line":17,"column":2},"end":{"line":17,"column":35}},"5":{"start":{"line":20,"column":2},"end":{"line":20,"column":52}},"6":{"start":{"line":21,"column":2},"end":{"line":21,"column":70}},"7":{"start":{"line":22,"column":2},"end":{"line":22,"column":98}},"8":{"start":{"line":25,"column":2},"end":{"line":27,"column":3}},"9":{"start":{"line":26,"column":4},"end":{"line":26,"column":33}},"10":{"start":{"line":29,"column":2},"end":{"line":185,"column":3}},"11":{"start":{"line":30,"column":4},"end":{"line":182,"column":5}},"12":{"start":{"line":31,"column":23},"end":{"line":31,"column":42}},"13":{"start":{"line":38,"column":10},"end":{"line":38,"column":19}},"14":{"start":{"line":40,"column":6},"end":{"line":44,"column":7}},"15":{"start":{"line":41,"column":8},"end":{"line":43,"column":11}},"16":{"start":{"line":47,"column":30},"end":{"line":47,"column":70}},"17":{"start":{"line":48,"column":28},"end":{"line":48,"column":97}},"18":{"start":{"line":48,"column":61},"end":{"line":48,"column":95}},"19":{"start":{"line":51,"column":25},"end":{"line":66,"column":8}},"20":{"start":{"line":68,"column":44},"end":{"line":72,"column":44}},"21":{"start":{"line":74,"column":6},"end":{"line":80,"column":7}},"22":{"start":{"line":75,"column":8},"end":{"line":75,"column":61}},"23":{"start":{"line":76,"column":8},"end":{"line":79,"column":11}},"24":{"start":{"line":83,"column":33},"end":{"line":132,"column":8}},"25":{"start":{"line":84,"column":31},"end":{"line":84,"column":74}},"26":{"start":{"line":85,"column":29},"end":{"line":85,"column":88}},"27":{"start":{"line":86,"column":22},"end":{"line":86,"column":44}},"28":{"start":{"line":87,"column":31},"end":{"line":87,"column":167}},"29":{"start":{"line":87,"column":96},"end":{"line":87,"column":158}},"30":{"start":{"line":88,"column":29},"end":{"line":88,"column":68}},"31":{"start":{"line":90,"column":27},"end":{"line":90,"column":28}},"32":{"start":{"line":92,"column":8},"end":{"line":122,"column":9}},"33":{"start":{"line":94,"column":12},"end":{"line":94,"column":33}},"34":{"start":{"line":95,"column":12},"end":{"line":95,"column":18}},"35":{"start":{"line":97,"column":12},"end":{"line":97,"column":46}},"36":{"start":{"line":98,"column":12},"end":{"line":98,"column":18}},"37":{"start":{"line":100,"column":12},"end":{"line":100,"column":42}},"38":{"start":{"line":101,"column":12},"end":{"line":101,"column":18}},"39":{"start":{"line":103,"column":12},"end":{"line":103,"column":80}},"40":{"start":{"line":104,"column":12},"end":{"line":104,"column":18}},"41":{"start":{"line":106,"column":12},"end":{"line":106,"column":80}},"42":{"start":{"line":107,"column":12},"end":{"line":107,"column":18}},"43":{"start":{"line":109,"column":12},"end":{"line":109,"column":42}},"44":{"start":{"line":110,"column":12},"end":{"line":110,"column":18}},"45":{"start":{"line":114,"column":12},"end":{"line":120,"column":14}},"46":{"start":{"line":121,"column":12},"end":{"line":121,"column":18}},"47":{"start":{"line":124,"column":8},"end":{"line":131,"column":10}},"48":{"start":{"line":135,"column":6},"end":{"line":143,"column":9}},"49":{"start":{"line":136,"column":8},"end":{"line":142,"column":9}},"50":{"start":{"line":138,"column":10},"end":{"line":138,"column":51}},"51":{"start":{"line":141,"column":10},"end":{"line":141,"column":51}},"52":{"start":{"line":146,"column":23},"end":{"line":146,"column":69}},"53":{"start":{"line":147,"column":24},"end":{"line":147,"column":55}},"54":{"start":{"line":148,"column":31},"end":{"line":148,"column":88}},"55":{"start":{"line":150,"column":6},"end":{"line":174,"column":9}},"56":{"start":{"line":172,"column":67},"end":{"line":172,"column":88}},"57":{"start":{"line":177,"column":6},"end":{"line":177,"column":41}},"58":{"start":{"line":178,"column":6},"end":{"line":181,"column":9}},"59":{"start":{"line":184,"column":4},"end":{"line":184,"column":60}},"60":{"start":{"line":189,"column":2},"end":{"line":263,"column":3}},"61":{"start":{"line":191,"column":39},"end":{"line":198,"column":33}},"62":{"start":{"line":200,"column":4},"end":{"line":203,"column":5}},"63":{"start":{"line":201,"column":6},"end":{"line":201,"column":57}},"64":{"start":{"line":202,"column":6},"end":{"line":202,"column":16}},"65":{"start":{"line":206,"column":20},"end":{"line":206,"column":42}},"66":{"start":{"line":208,"column":4},"end":{"line":230,"column":7}},"67":{"start":{"line":209,"column":21},"end":{"line":209,"column":40}},"68":{"start":{"line":210,"column":6},"end":{"line":210,"column":26}},"69":{"start":{"line":210,"column":19},"end":{"line":210,"column":26}},"70":{"start":{"line":212,"column":6},"end":{"line":221,"column":7}},"71":{"start":{"line":213,"column":8},"end":{"line":220,"column":11}},"72":{"start":{"line":223,"column":19},"end":{"line":223,"column":38}},"73":{"start":{"line":224,"column":6},"end":{"line":224,"column":32}},"74":{"start":{"line":225,"column":6},"end":{"line":225,"column":49}},"75":{"start":{"line":227,"column":6},"end":{"line":229,"column":7}},"76":{"start":{"line":228,"column":8},"end":{"line":228,"column":84}},"77":{"start":{"line":233,"column":42},"end":{"line":256,"column":6}},"78":{"start":{"line":234,"column":25},"end":{"line":236,"column":13}},"79":{"start":{"line":235,"column":69},"end":{"line":235,"column":80}},"80":{"start":{"line":240,"column":8},"end":{"line":244,"column":37}},"81":{"start":{"line":247,"column":6},"end":{"line":255,"column":8}},"82":{"start":{"line":258,"column":4},"end":{"line":258,"column":79}},"83":{"start":{"line":258,"column":38},"end":{"line":258,"column":77}},"84":{"start":{"line":261,"column":4},"end":{"line":261,"column":64}},"85":{"start":{"line":262,"column":4},"end":{"line":262,"column":14}},"86":{"start":{"line":267,"column":14},"end":{"line":267,"column":34}},"87":{"start":{"line":268,"column":18},"end":{"line":268,"column":47}},"88":{"start":{"line":269,"column":19},"end":{"line":269,"column":58}},"89":{"start":{"line":272,"column":2},"end":{"line":272,"column":42}},"90":{"start":{"line":276,"column":23},"end":{"line":284,"column":4}},"91":{"start":{"line":286,"column":2},"end":{"line":286,"column":79}}},"fnMap":{"0":{"name":"handler","decl":{"start":{"line":14,"column":30},"end":{"line":14,"column":37}},"loc":{"start":{"line":14,"column":77},"end":{"line":186,"column":1}}},"1":{"name":"(anonymous_1)","decl":{"start":{"line":48,"column":56},"end":{"line":48,"column":57}},"loc":{"start":{"line":48,"column":61},"end":{"line":48,"column":95}}},"2":{"name":"(anonymous_2)","decl":{"start":{"line":83,"column":58},"end":{"line":83,"column":59}},"loc":{"start":{"line":83,"column":79},"end":{"line":132,"column":7}}},"3":{"name":"(anonymous_3)","decl":{"start":{"line":87,"column":71},"end":{"line":87,"column":72}},"loc":{"start":{"line":87,"column":96},"end":{"line":87,"column":158}}},"4":{"name":"(anonymous_4)","decl":{"start":{"line":135,"column":30},"end":{"line":135,"column":31}},"loc":{"start":{"line":135,"column":39},"end":{"line":143,"column":7}}},"5":{"name":"(anonymous_5)","decl":{"start":{"line":172,"column":55},"end":{"line":172,"column":56}},"loc":{"start":{"line":172,"column":67},"end":{"line":172,"column":88}}},"6":{"name":"calculateUserReputations","decl":{"start":{"line":188,"column":15},"end":{"line":188,"column":39}},"loc":{"start":{"line":188,"column":53},"end":{"line":264,"column":1}}},"7":{"name":"(anonymous_7)","decl":{"start":{"line":208,"column":23},"end":{"line":208,"column":24}},"loc":{"start":{"line":208,"column":44},"end":{"line":230,"column":5}}},"8":{"name":"(anonymous_8)","decl":{"start":{"line":233,"column":75},"end":{"line":233,"column":79}},"loc":{"start":{"line":233,"column":82},"end":{"line":256,"column":5}}},"9":{"name":"(anonymous_9)","decl":{"start":{"line":235,"column":37},"end":{"line":235,"column":38}},"loc":{"start":{"line":235,"column":69},"end":{"line":235,"column":80}}},"10":{"name":"(anonymous_10)","decl":{"start":{"line":258,"column":28},"end":{"line":258,"column":29}},"loc":{"start":{"line":258,"column":38},"end":{"line":258,"column":77}}},"11":{"name":"getRecencyBonus","decl":{"start":{"line":266,"column":9},"end":{"line":266,"column":24}},"loc":{"start":{"line":266,"column":42},"end":{"line":273,"column":1}}},"12":{"name":"getRankingDescription","decl":{"start":{"line":275,"column":9},"end":{"line":275,"column":30}},"loc":{"start":{"line":275,"column":45},"end":{"line":287,"column":1}}}},"branchMap":{"0":{"loc":{"start":{"line":25,"column":2},"end":{"line":27,"column":3}},"type":"if","locations":[{"start":{"line":25,"column":2},"end":{"line":27,"column":3}},{"start":{},"end":{}}]},"1":{"loc":{"start":{"line":29,"column":2},"end":{"line":185,"column":3}},"type":"if","locations":[{"start":{"line":29,"column":2},"end":{"line":185,"column":3}},{"start":{"line":183,"column":9},"end":{"line":185,"column":3}}]},"2":{"loc":{"start":{"line":34,"column":8},"end":{"line":34,"column":32}},"type":"default-arg","locations":[{"start":{"line":34,"column":17},"end":{"line":34,"column":32}}]},"3":{"loc":{"start":{"line":35,"column":8},"end":{"line":35,"column":20}},"type":"default-arg","locations":[{"start":{"line":35,"column":16},"end":{"line":35,"column":20}}]},"4":{"loc":{"start":{"line":36,"column":8},"end":{"line":36,"column":20}},"type":"default-arg","locations":[{"start":{"line":36,"column":17},"end":{"line":36,"column":20}}]},"5":{"loc":{"start":{"line":37,"column":8},"end":{"line":37,"column":32}},"type":"default-arg","locations":[{"start":{"line":37,"column":26},"end":{"line":37,"column":32}}]},"6":{"loc":{"start":{"line":40,"column":6},"end":{"line":44,"column":7}},"type":"if","locations":[{"start":{"line":40,"column":6},"end":{"line":44,"column":7}},{"start":{},"end":{}}]},"7":{"loc":{"start":{"line":53,"column":10},"end":{"line":61,"column":16}},"type":"cond-expr","locations":[{"start":{"line":53,"column":39},"end":{"line":61,"column":12}},{"start":{"line":61,"column":14},"end":{"line":61,"column":16}}]},"8":{"loc":{"start":{"line":74,"column":6},"end":{"line":80,"column":7}},"type":"if","locations":[{"start":{"line":74,"column":6},"end":{"line":80,"column":7}},{"start":{},"end":{}}]},"9":{"loc":{"start":{"line":83,"column":34},"end":{"line":83,"column":52}},"type":"binary-expr","locations":[{"start":{"line":83,"column":34},"end":{"line":83,"column":46}},{"start":{"line":83,"column":50},"end":{"line":83,"column":52}}]},"10":{"loc":{"start":{"line":84,"column":31},"end":{"line":84,"column":74}},"type":"binary-expr","locations":[{"start":{"line":84,"column":31},"end":{"line":84,"column":69}},{"start":{"line":84,"column":73},"end":{"line":84,"column":74}}]},"11":{"loc":{"start":{"line":85,"column":29},"end":{"line":85,"column":88}},"type":"binary-expr","locations":[{"start":{"line":85,"column":29},"end":{"line":85,"column":81}},{"start":{"line":85,"column":85},"end":{"line":85,"column":88}}]},"12":{"loc":{"start":{"line":85,"column":29},"end":{"line":85,"column":81}},"type":"cond-expr","locations":[{"start":{"line":85,"column":66},"end":{"line":85,"column":68}},{"start":{"line":85,"column":66},"end":{"line":85,"column":81}}]},"13":{"loc":{"start":{"line":85,"column":29},"end":{"line":85,"column":68}},"type":"binary-expr","locations":[{"start":{"line":85,"column":29},"end":{"line":85,"column":68}},{"start":{"line":85,"column":66},"end":{"line":85,"column":68}}]},"14":{"loc":{"start":{"line":85,"column":29},"end":{"line":85,"column":66}},"type":"cond-expr","locations":[{"start":{"line":85,"column":61},"end":{"line":85,"column":64}},{"start":{"line":85,"column":61},"end":{"line":85,"column":66}}]},"15":{"loc":{"start":{"line":85,"column":29},"end":{"line":85,"column":64}},"type":"binary-expr","locations":[{"start":{"line":85,"column":29},"end":{"line":85,"column":64}},{"start":{"line":85,"column":61},"end":{"line":85,"column":64}}]},"16":{"loc":{"start":{"line":86,"column":22},"end":{"line":86,"column":44}},"type":"binary-expr","locations":[{"start":{"line":86,"column":22},"end":{"line":86,"column":39}},{"start":{"line":86,"column":43},"end":{"line":86,"column":44}}]},"17":{"loc":{"start":{"line":87,"column":31},"end":{"line":87,"column":167}},"type":"binary-expr","locations":[{"start":{"line":87,"column":31},"end":{"line":87,"column":162}},{"start":{"line":87,"column":166},"end":{"line":87,"column":167}}]},"18":{"loc":{"start":{"line":87,"column":31},"end":{"line":87,"column":162}},"type":"cond-expr","locations":[{"start":{"line":87,"column":62},"end":{"line":87,"column":64}},{"start":{"line":87,"column":62},"end":{"line":87,"column":162}}]},"19":{"loc":{"start":{"line":87,"column":31},"end":{"line":87,"column":64}},"type":"binary-expr","locations":[{"start":{"line":87,"column":31},"end":{"line":87,"column":64}},{"start":{"line":87,"column":62},"end":{"line":87,"column":64}}]},"20":{"loc":{"start":{"line":87,"column":103},"end":{"line":87,"column":124}},"type":"binary-expr","locations":[{"start":{"line":87,"column":103},"end":{"line":87,"column":119}},{"start":{"line":87,"column":123},"end":{"line":87,"column":124}}]},"21":{"loc":{"start":{"line":87,"column":129},"end":{"line":87,"column":157}},"type":"binary-expr","locations":[{"start":{"line":87,"column":129},"end":{"line":87,"column":152}},{"start":{"line":87,"column":156},"end":{"line":87,"column":157}}]},"22":{"loc":{"start":{"line":92,"column":8},"end":{"line":122,"column":9}},"type":"switch","locations":[{"start":{"line":93,"column":10},"end":{"line":95,"column":18}},{"start":{"line":96,"column":10},"end":{"line":98,"column":18}},{"start":{"line":99,"column":10},"end":{"line":101,"column":18}},{"start":{"line":102,"column":10},"end":{"line":104,"column":18}},{"start":{"line":105,"column":10},"end":{"line":107,"column":18}},{"start":{"line":108,"column":10},"end":{"line":110,"column":18}},{"start":{"line":111,"column":10},"end":{"line":111,"column":31}},{"start":{"line":112,"column":10},"end":{"line":121,"column":18}}]},"23":{"loc":{"start":{"line":136,"column":8},"end":{"line":142,"column":9}},"type":"if","locations":[{"start":{"line":136,"column":8},"end":{"line":142,"column":9}},{"start":{"line":139,"column":15},"end":{"line":142,"column":9}}]},"24":{"loc":{"start":{"line":146,"column":32},"end":{"line":146,"column":63}},"type":"binary-expr","locations":[{"start":{"line":146,"column":32},"end":{"line":146,"column":57}},{"start":{"line":146,"column":61},"end":{"line":146,"column":63}}]},"25":{"loc":{"start":{"line":147,"column":24},"end":{"line":147,"column":55}},"type":"binary-expr","locations":[{"start":{"line":147,"column":24},"end":{"line":147,"column":50}},{"start":{"line":147,"column":54},"end":{"line":147,"column":55}}]},"26":{"loc":{"start":{"line":172,"column":29},"end":{"line":172,"column":125}},"type":"binary-expr","locations":[{"start":{"line":172,"column":29},"end":{"line":172,"column":120}},{"start":{"line":172,"column":124},"end":{"line":172,"column":125}}]},"27":{"loc":{"start":{"line":180,"column":15},"end":{"line":180,"column":71}},"type":"cond-expr","locations":[{"start":{"line":180,"column":40},"end":{"line":180,"column":53}},{"start":{"line":180,"column":56},"end":{"line":180,"column":71}}]},"28":{"loc":{"start":{"line":200,"column":4},"end":{"line":203,"column":5}},"type":"if","locations":[{"start":{"line":200,"column":4},"end":{"line":203,"column":5}},{"start":{},"end":{}}]},"29":{"loc":{"start":{"line":208,"column":4},"end":{"line":230,"column":6}},"type":"cond-expr","locations":[{"start":{"line":208,"column":13},"end":{"line":208,"column":15}},{"start":{"line":208,"column":4},"end":{"line":230,"column":6}}]},"30":{"loc":{"start":{"line":208,"column":4},"end":{"line":208,"column":15}},"type":"binary-expr","locations":[{"start":{"line":208,"column":4},"end":{"line":208,"column":15}},{"start":{"line":208,"column":4},"end":{"line":208,"column":15}}]},"31":{"loc":{"start":{"line":210,"column":6},"end":{"line":210,"column":26}},"type":"if","locations":[{"start":{"line":210,"column":6},"end":{"line":210,"column":26}},{"start":{},"end":{}}]},"32":{"loc":{"start":{"line":212,"column":6},"end":{"line":221,"column":7}},"type":"if","locations":[{"start":{"line":212,"column":6},"end":{"line":221,"column":7}},{"start":{},"end":{}}]},"33":{"loc":{"start":{"line":225,"column":26},"end":{"line":225,"column":48}},"type":"binary-expr","locations":[{"start":{"line":225,"column":26},"end":{"line":225,"column":43}},{"start":{"line":225,"column":47},"end":{"line":225,"column":48}}]},"34":{"loc":{"start":{"line":227,"column":6},"end":{"line":229,"column":7}},"type":"if","locations":[{"start":{"line":227,"column":6},"end":{"line":229,"column":7}},{"start":{},"end":{}}]},"35":{"loc":{"start":{"line":227,"column":10},"end":{"line":227,"column":62}},"type":"cond-expr","locations":[{"start":{"line":227,"column":47},"end":{"line":227,"column":49}},{"start":{"line":227,"column":47},"end":{"line":227,"column":62}}]},"36":{"loc":{"start":{"line":227,"column":10},"end":{"line":227,"column":49}},"type":"binary-expr","locations":[{"start":{"line":227,"column":10},"end":{"line":227,"column":49}},{"start":{"line":227,"column":47},"end":{"line":227,"column":49}}]},"37":{"loc":{"start":{"line":227,"column":10},"end":{"line":227,"column":47}},"type":"cond-expr","locations":[{"start":{"line":227,"column":42},"end":{"line":227,"column":45}},{"start":{"line":227,"column":42},"end":{"line":227,"column":47}}]},"38":{"loc":{"start":{"line":227,"column":10},"end":{"line":227,"column":45}},"type":"binary-expr","locations":[{"start":{"line":227,"column":10},"end":{"line":227,"column":45}},{"start":{"line":227,"column":42},"end":{"line":227,"column":45}}]},"39":{"loc":{"start":{"line":234,"column":25},"end":{"line":236,"column":13}},"type":"cond-expr","locations":[{"start":{"line":235,"column":10},"end":{"line":235,"column":113}},{"start":{"line":236,"column":10},"end":{"line":236,"column":13}}]},"40":{"loc":{"start":{"line":286,"column":9},"end":{"line":286,"column":78}},"type":"binary-expr","locations":[{"start":{"line":286,"column":9},"end":{"line":286,"column":58}},{"start":{"line":286,"column":62},"end":{"line":286,"column":78}}]}},"s":{"0":0,"1":0,"2":0,"3":0,"4":0,"5":0,"6":0,"7":0,"8":0,"9":0,"10":0,"11":0,"12":0,"13":0,"14":0,"15":0,"16":0,"17":0,"18":0,"19":0,"20":0,"21":0,"22":0,"23":0,"24":0,"25":0,"26":0,"27":0,"28":0,"29":0,"30":0,"31":0,"32":0,"33":0,"34":0,"35":0,"36":0,"37":0,"38":0,"39":0,"40":0,"41":0,"42":0,"43":0,"44":0,"45":0,"46":0,"47":0,"48":0,"49":0,"50":0,"51":0,"52":0,"53":0,"54":0,"55":0,"56":0,"57":0,"58":0,"59":0,"60":0,"61":0,"62":0,"63":0,"64":0,"65":0,"66":0,"67":0,"68":0,"69":0,"70":0,"71":0,"72":0,"73":0,"74":0,"75":0,"76":0,"77":0,"78":0,"79":0,"80":0,"81":0,"82":0,"83":0,"84":0,"85":0,"86":0,"87":0,"88":0,"89":0,"90":0,"91":0},"f":{"0":0,"1":0,"2":0,"3":0,"4":0,"5":0,"6":0,"7":0,"8":0,"9":0,"10":0,"11":0,"12":0},"b":{"0":[0,0],"1":[0,0],"2":[0],"3":[0],"4":[0],"5":[0],"6":[0,0],"7":[0,0],"8":[0,0],"9":[0,0],"10":[0,0],"11":[0,0],"12":[0,0],"13":[0,0],"14":[0,0],"15":[0,0],"16":[0,0],"17":[0,0],"18":[0,0],"19":[0,0],"20":[0,0],"21":[0,0],"22":[0,0,0,0,0,0,0,0],"23":[0,0],"24":[0,0],"25":[0,0],"26":[0,0],"27":[0,0],"28":[0,0],"29":[0,0],"30":[0,0],"31":[0,0],"32":[0,0],"33":[0,0],"34":[0,0],"35":[0,0],"36":[0,0],"37":[0,0],"38":[0,0],"39":[0,0],"40":[0,0]}}
,"/Users/morabp27/Downloads/EthicalAI-1/api/perspectives.ts": {"path":"/Users/morabp27/Downloads/EthicalAI-1/api/perspectives.ts","statementMap":{"0":{"start":{"line":5,"column":0},"end":{"line":5,"column":15}},"1":{"start":{"line":2,"column":0},"end":{"line":2,"column":80}},"2":{"start":{"line":3,"column":0},"end":{"line":3,"column":80}},"3":{"start":{"line":6,"column":2},"end":{"line":6,"column":52}},"4":{"start":{"line":7,"column":2},"end":{"line":7,"column":37}},"5":{"start":{"line":8,"column":2},"end":{"line":8,"column":33}},"6":{"start":{"line":9,"column":2},"end":{"line":9,"column":35}},"7":{"start":{"line":10,"column":2},"end":{"line":10,"column":31}},"8":{"start":{"line":13,"column":2},"end":{"line":13,"column":52}},"9":{"start":{"line":14,"column":2},"end":{"line":14,"column":83}},"10":{"start":{"line":15,"column":2},"end":{"line":15,"column":113}},"11":{"start":{"line":18,"column":2},"end":{"line":20,"column":3}},"12":{"start":{"line":19,"column":4},"end":{"line":19,"column":33}},"13":{"start":{"line":23,"column":14},"end":{"line":23,"column":27}},"14":{"start":{"line":24,"column":20},"end":{"line":24,"column":100}},"15":{"start":{"line":24,"column":50},"end":{"line":24,"column":99}},"16":{"start":{"line":27,"column":2},"end":{"line":116,"column":3}},"17":{"start":{"line":28,"column":26},"end":{"line":28,"column":38}},"18":{"start":{"line":29,"column":34},"end":{"line":29,"column":42}},"19":{"start":{"line":31,"column":4},"end":{"line":33,"column":5}},"20":{"start":{"line":32,"column":6},"end":{"line":32,"column":77}},"21":{"start":{"line":35,"column":28},"end":{"line":35,"column":67}},"22":{"start":{"line":37,"column":4},"end":{"line":115,"column":5}},"23":{"start":{"line":38,"column":23},"end":{"line":38,"column":42}},"24":{"start":{"line":41,"column":60},"end":{"line":46,"column":17}},"25":{"start":{"line":48,"column":6},"end":{"line":53,"column":7}},"26":{"start":{"line":49,"column":8},"end":{"line":52,"column":11}},"27":{"start":{"line":56,"column":52},"end":{"line":63,"column":17}},"28":{"start":{"line":65,"column":6},"end":{"line":71,"column":7}},"29":{"start":{"line":66,"column":8},"end":{"line":66,"column":57}},"30":{"start":{"line":67,"column":8},"end":{"line":70,"column":11}},"31":{"start":{"line":74,"column":62},"end":{"line":78,"column":17}},"32":{"start":{"line":80,"column":6},"end":{"line":85,"column":7}},"33":{"start":{"line":81,"column":8},"end":{"line":84,"column":11}},"34":{"start":{"line":88,"column":43},"end":{"line":93,"column":17}},"35":{"start":{"line":95,"column":6},"end":{"line":100,"column":7}},"36":{"start":{"line":96,"column":8},"end":{"line":99,"column":11}},"37":{"start":{"line":102,"column":6},"end":{"line":107,"column":9}},"38":{"start":{"line":110,"column":6},"end":{"line":110,"column":42}},"39":{"start":{"line":111,"column":6},"end":{"line":114,"column":9}},"40":{"start":{"line":119,"column":2},"end":{"line":218,"column":3}},"41":{"start":{"line":120,"column":26},"end":{"line":120,"column":38}},"42":{"start":{"line":122,"column":4},"end":{"line":124,"column":5}},"43":{"start":{"line":123,"column":6},"end":{"line":123,"column":77}},"44":{"start":{"line":126,"column":4},"end":{"line":217,"column":5}},"45":{"start":{"line":127,"column":23},"end":{"line":127,"column":42}},"46":{"start":{"line":129,"column":6},"end":{"line":209,"column":7}},"47":{"start":{"line":131,"column":41},"end":{"line":135,"column":51}},"48":{"start":{"line":137,"column":8},"end":{"line":142,"column":9}},"49":{"start":{"line":138,"column":10},"end":{"line":141,"column":13}},"50":{"start":{"line":144,"column":33},"end":{"line":151,"column":17}},"51":{"start":{"line":144,"column":56},"end":{"line":151,"column":10}},"52":{"start":{"line":153,"column":8},"end":{"line":153,"column":54}},"53":{"start":{"line":155,"column":13},"end":{"line":209,"column":7}},"54":{"start":{"line":157,"column":40},"end":{"line":157,"column":48}},"55":{"start":{"line":159,"column":8},"end":{"line":161,"column":9}},"56":{"start":{"line":160,"column":10},"end":{"line":160,"column":90}},"57":{"start":{"line":163,"column":8},"end":{"line":165,"column":9}},"58":{"start":{"line":164,"column":10},"end":{"line":164,"column":104}},"59":{"start":{"line":167,"column":8},"end":{"line":169,"column":9}},"60":{"start":{"line":168,"column":10},"end":{"line":168,"column":110}},"61":{"start":{"line":172,"column":68},"end":{"line":176,"column":19}},"62":{"start":{"line":178,"column":8},"end":{"line":180,"column":9}},"63":{"start":{"line":179,"column":10},"end":{"line":179,"column":106}},"64":{"start":{"line":183,"column":52},"end":{"line":192,"column":19}},"65":{"start":{"line":194,"column":8},"end":{"line":199,"column":9}},"66":{"start":{"line":195,"column":10},"end":{"line":198,"column":13}},"67":{"start":{"line":201,"column":8},"end":{"line":208,"column":11}},"68":{"start":{"line":212,"column":6},"end":{"line":212,"column":45}},"69":{"start":{"line":213,"column":6},"end":{"line":216,"column":9}},"70":{"start":{"line":221,"column":2},"end":{"line":322,"column":3}},"71":{"start":{"line":222,"column":4},"end":{"line":321,"column":5}},"72":{"start":{"line":223,"column":23},"end":{"line":223,"column":42}},"73":{"start":{"line":230,"column":10},"end":{"line":230,"column":19}},"74":{"start":{"line":232,"column":6},"end":{"line":236,"column":7}},"75":{"start":{"line":233,"column":8},"end":{"line":235,"column":11}},"76":{"start":{"line":239,"column":18},"end":{"line":252,"column":40}},"77":{"start":{"line":255,"column":6},"end":{"line":275,"column":7}},"78":{"start":{"line":257,"column":10},"end":{"line":257,"column":66}},"79":{"start":{"line":258,"column":10},"end":{"line":258,"column":16}},"80":{"start":{"line":260,"column":10},"end":{"line":260,"column":65}},"81":{"start":{"line":261,"column":10},"end":{"line":261,"column":16}},"82":{"start":{"line":263,"column":10},"end":{"line":263,"column":61}},"83":{"start":{"line":264,"column":10},"end":{"line":264,"column":16}},"84":{"start":{"line":267,"column":10},"end":{"line":267,"column":66}},"85":{"start":{"line":268,"column":10},"end":{"line":268,"column":16}},"86":{"start":{"line":271,"column":10},"end":{"line":271,"column":61}},"87":{"start":{"line":272,"column":10},"end":{"line":272,"column":16}},"88":{"start":{"line":274,"column":10},"end":{"line":274,"column":66}},"89":{"start":{"line":278,"column":23},"end":{"line":278,"column":69}},"90":{"start":{"line":279,"column":24},"end":{"line":279,"column":55}},"91":{"start":{"line":280,"column":6},"end":{"line":280,"column":63}},"92":{"start":{"line":282,"column":44},"end":{"line":282,"column":55}},"93":{"start":{"line":284,"column":6},"end":{"line":290,"column":7}},"94":{"start":{"line":285,"column":8},"end":{"line":285,"column":61}},"95":{"start":{"line":286,"column":8},"end":{"line":289,"column":11}},"96":{"start":{"line":293,"column":31},"end":{"line":293,"column":49}},"97":{"start":{"line":294,"column":6},"end":{"line":300,"column":7}},"98":{"start":{"line":295,"column":8},"end":{"line":299,"column":11}},"99":{"start":{"line":296,"column":27},"end":{"line":296,"column":74}},"100":{"start":{"line":297,"column":27},"end":{"line":297,"column":74}},"101":{"start":{"line":298,"column":10},"end":{"line":298,"column":37}},"102":{"start":{"line":302,"column":6},"end":{"line":313,"column":9}},"103":{"start":{"line":316,"column":6},"end":{"line":316,"column":41}},"104":{"start":{"line":317,"column":6},"end":{"line":320,"column":9}},"105":{"start":{"line":324,"column":2},"end":{"line":460,"column":3}},"106":{"start":{"line":325,"column":4},"end":{"line":457,"column":5}},"107":{"start":{"line":326,"column":6},"end":{"line":326,"column":48}},"108":{"start":{"line":328,"column":23},"end":{"line":328,"column":42}},"109":{"start":{"line":331,"column":69},"end":{"line":331,"column":77}},"110":{"start":{"line":333,"column":6},"end":{"line":337,"column":7}},"111":{"start":{"line":334,"column":8},"end":{"line":336,"column":11}},"112":{"start":{"line":339,"column":6},"end":{"line":343,"column":7}},"113":{"start":{"line":340,"column":8},"end":{"line":342,"column":11}},"114":{"start":{"line":345,"column":6},"end":{"line":349,"column":7}},"115":{"start":{"line":346,"column":8},"end":{"line":348,"column":11}},"116":{"start":{"line":351,"column":6},"end":{"line":355,"column":7}},"117":{"start":{"line":352,"column":8},"end":{"line":354,"column":11}},"118":{"start":{"line":358,"column":60},"end":{"line":362,"column":17}},"119":{"start":{"line":364,"column":6},"end":{"line":369,"column":7}},"120":{"start":{"line":365,"column":8},"end":{"line":365,"column":62}},"121":{"start":{"line":366,"column":8},"end":{"line":368,"column":11}},"122":{"start":{"line":371,"column":6},"end":{"line":371,"column":86}},"123":{"start":{"line":374,"column":6},"end":{"line":374,"column":81}},"124":{"start":{"line":375,"column":25},"end":{"line":375,"column":87}},"125":{"start":{"line":377,"column":29},"end":{"line":377,"column":39}},"126":{"start":{"line":379,"column":6},"end":{"line":388,"column":7}},"127":{"start":{"line":380,"column":8},"end":{"line":385,"column":11}},"128":{"start":{"line":386,"column":13},"end":{"line":388,"column":7}},"129":{"start":{"line":387,"column":8},"end":{"line":387,"column":37}},"130":{"start":{"line":391,"column":56},"end":{"line":401,"column":17}},"131":{"start":{"line":403,"column":6},"end":{"line":409,"column":7}},"132":{"start":{"line":404,"column":8},"end":{"line":404,"column":52}},"133":{"start":{"line":405,"column":8},"end":{"line":408,"column":11}},"134":{"start":{"line":411,"column":6},"end":{"line":411,"column":121}},"135":{"start":{"line":414,"column":6},"end":{"line":436,"column":11}},"136":{"start":{"line":416,"column":43},"end":{"line":426,"column":14}},"137":{"start":{"line":428,"column":10},"end":{"line":432,"column":11}},"138":{"start":{"line":429,"column":12},"end":{"line":429,"column":70}},"139":{"start":{"line":431,"column":12},"end":{"line":431,"column":79}},"140":{"start":{"line":435,"column":10},"end":{"line":435,"column":64}},"141":{"start":{"line":439,"column":6},"end":{"line":449,"column":9}},"142":{"start":{"line":452,"column":6},"end":{"line":452,"column":41}},"143":{"start":{"line":453,"column":6},"end":{"line":456,"column":9}},"144":{"start":{"line":458,"column":9},"end":{"line":460,"column":3}},"145":{"start":{"line":459,"column":4},"end":{"line":459,"column":60}}},"fnMap":{"0":{"name":"handler","decl":{"start":{"line":5,"column":30},"end":{"line":5,"column":37}},"loc":{"start":{"line":5,"column":77},"end":{"line":461,"column":1}}},"1":{"name":"(anonymous_1)","decl":{"start":{"line":24,"column":42},"end":{"line":24,"column":46}},"loc":{"start":{"line":24,"column":50},"end":{"line":24,"column":99}}},"2":{"name":"(anonymous_2)","decl":{"start":{"line":144,"column":46},"end":{"line":144,"column":51}},"loc":{"start":{"line":144,"column":56},"end":{"line":151,"column":10}}},"3":{"name":"(anonymous_3)","decl":{"start":{"line":295,"column":53},"end":{"line":295,"column":54}},"loc":{"start":{"line":295,"column":62},"end":{"line":299,"column":9}}},"4":{"name":"(anonymous_4)","decl":{"start":{"line":415,"column":14},"end":{"line":415,"column":19}},"loc":{"start":{"line":415,"column":33},"end":{"line":433,"column":9}}},"5":{"name":"(anonymous_5)","decl":{"start":{"line":434,"column":15},"end":{"line":434,"column":20}},"loc":{"start":{"line":434,"column":23},"end":{"line":436,"column":9}}}},"branchMap":{"0":{"loc":{"start":{"line":18,"column":2},"end":{"line":20,"column":3}},"type":"if","locations":[{"start":{"line":18,"column":2},"end":{"line":20,"column":3}},{"start":{},"end":{}}]},"1":{"loc":{"start":{"line":23,"column":14},"end":{"line":23,"column":27}},"type":"binary-expr","locations":[{"start":{"line":23,"column":14},"end":{"line":23,"column":21}},{"start":{"line":23,"column":25},"end":{"line":23,"column":27}}]},"2":{"loc":{"start":{"line":24,"column":50},"end":{"line":24,"column":99}},"type":"binary-expr","locations":[{"start":{"line":24,"column":50},"end":{"line":24,"column":54}},{"start":{"line":24,"column":58},"end":{"line":24,"column":72}},{"start":{"line":24,"column":76},"end":{"line":24,"column":99}}]},"3":{"loc":{"start":{"line":27,"column":2},"end":{"line":116,"column":3}},"type":"if","locations":[{"start":{"line":27,"column":2},"end":{"line":116,"column":3}},{"start":{},"end":{}}]},"4":{"loc":{"start":{"line":27,"column":6},"end":{"line":27,"column":80}},"type":"binary-expr","locations":[{"start":{"line":27,"column":6},"end":{"line":27,"column":28}},{"start":{"line":27,"column":32},"end":{"line":27,"column":55}},{"start":{"line":27,"column":59},"end":{"line":27,"column":80}}]},"5":{"loc":{"start":{"line":31,"column":4},"end":{"line":33,"column":5}},"type":"if","locations":[{"start":{"line":31,"column":4},"end":{"line":33,"column":5}},{"start":{},"end":{}}]},"6":{"loc":{"start":{"line":35,"column":28},"end":{"line":35,"column":67}},"type":"binary-expr","locations":[{"start":{"line":35,"column":28},"end":{"line":35,"column":34}},{"start":{"line":35,"column":38},"end":{"line":35,"column":47}},{"start":{"line":35,"column":51},"end":{"line":35,"column":67}}]},"7":{"loc":{"start":{"line":48,"column":6},"end":{"line":53,"column":7}},"type":"if","locations":[{"start":{"line":48,"column":6},"end":{"line":53,"column":7}},{"start":{},"end":{}}]},"8":{"loc":{"start":{"line":65,"column":6},"end":{"line":71,"column":7}},"type":"if","locations":[{"start":{"line":65,"column":6},"end":{"line":71,"column":7}},{"start":{},"end":{}}]},"9":{"loc":{"start":{"line":80,"column":6},"end":{"line":85,"column":7}},"type":"if","locations":[{"start":{"line":80,"column":6},"end":{"line":85,"column":7}},{"start":{},"end":{}}]},"10":{"loc":{"start":{"line":90,"column":26},"end":{"line":90,"column":55}},"type":"binary-expr","locations":[{"start":{"line":90,"column":26},"end":{"line":90,"column":50}},{"start":{"line":90,"column":54},"end":{"line":90,"column":55}}]},"11":{"loc":{"start":{"line":95,"column":6},"end":{"line":100,"column":7}},"type":"if","locations":[{"start":{"line":95,"column":6},"end":{"line":100,"column":7}},{"start":{},"end":{}}]},"12":{"loc":{"start":{"line":113,"column":15},"end":{"line":113,"column":71}},"type":"cond-expr","locations":[{"start":{"line":113,"column":40},"end":{"line":113,"column":53}},{"start":{"line":113,"column":56},"end":{"line":113,"column":71}}]},"13":{"loc":{"start":{"line":119,"column":2},"end":{"line":218,"column":3}},"type":"if","locations":[{"start":{"line":119,"column":2},"end":{"line":218,"column":3}},{"start":{},"end":{}}]},"14":{"loc":{"start":{"line":119,"column":6},"end":{"line":119,"column":58}},"type":"binary-expr","locations":[{"start":{"line":119,"column":6},"end":{"line":119,"column":28}},{"start":{"line":119,"column":32},"end":{"line":119,"column":58}}]},"15":{"loc":{"start":{"line":122,"column":4},"end":{"line":124,"column":5}},"type":"if","locations":[{"start":{"line":122,"column":4},"end":{"line":124,"column":5}},{"start":{},"end":{}}]},"16":{"loc":{"start":{"line":129,"column":6},"end":{"line":209,"column":7}},"type":"if","locations":[{"start":{"line":129,"column":6},"end":{"line":209,"column":7}},{"start":{"line":155,"column":13},"end":{"line":209,"column":7}}]},"17":{"loc":{"start":{"line":137,"column":8},"end":{"line":142,"column":9}},"type":"if","locations":[{"start":{"line":137,"column":8},"end":{"line":142,"column":9}},{"start":{},"end":{}}]},"18":{"loc":{"start":{"line":144,"column":33},"end":{"line":151,"column":17}},"type":"binary-expr","locations":[{"start":{"line":144,"column":33},"end":{"line":151,"column":11}},{"start":{"line":151,"column":15},"end":{"line":151,"column":17}}]},"19":{"loc":{"start":{"line":144,"column":33},"end":{"line":151,"column":11}},"type":"cond-expr","locations":[{"start":{"line":144,"column":40},"end":{"line":144,"column":42}},{"start":{"line":144,"column":33},"end":{"line":151,"column":11}}]},"20":{"loc":{"start":{"line":144,"column":33},"end":{"line":144,"column":42}},"type":"binary-expr","locations":[{"start":{"line":144,"column":33},"end":{"line":144,"column":42}},{"start":{"line":144,"column":33},"end":{"line":144,"column":42}}]},"21":{"loc":{"start":{"line":148,"column":17},"end":{"line":148,"column":33}},"type":"binary-expr","locations":[{"start":{"line":148,"column":17},"end":{"line":148,"column":28}},{"start":{"line":148,"column":32},"end":{"line":148,"column":33}}]},"22":{"loc":{"start":{"line":155,"column":13},"end":{"line":209,"column":7}},"type":"if","locations":[{"start":{"line":155,"column":13},"end":{"line":209,"column":7}},{"start":{},"end":{}}]},"23":{"loc":{"start":{"line":159,"column":8},"end":{"line":161,"column":9}},"type":"if","locations":[{"start":{"line":159,"column":8},"end":{"line":161,"column":9}},{"start":{},"end":{}}]},"24":{"loc":{"start":{"line":159,"column":12},"end":{"line":159,"column":35}},"type":"binary-expr","locations":[{"start":{"line":159,"column":12},"end":{"line":159,"column":20}},{"start":{"line":159,"column":24},"end":{"line":159,"column":35}}]},"25":{"loc":{"start":{"line":163,"column":8},"end":{"line":165,"column":9}},"type":"if","locations":[{"start":{"line":163,"column":8},"end":{"line":165,"column":9}},{"start":{},"end":{}}]},"26":{"loc":{"start":{"line":167,"column":8},"end":{"line":169,"column":9}},"type":"if","locations":[{"start":{"line":167,"column":8},"end":{"line":169,"column":9}},{"start":{},"end":{}}]},"27":{"loc":{"start":{"line":178,"column":8},"end":{"line":180,"column":9}},"type":"if","locations":[{"start":{"line":178,"column":8},"end":{"line":180,"column":9}},{"start":{},"end":{}}]},"28":{"loc":{"start":{"line":178,"column":12},"end":{"line":178,"column":49}},"type":"binary-expr","locations":[{"start":{"line":178,"column":12},"end":{"line":178,"column":28}},{"start":{"line":178,"column":32},"end":{"line":178,"column":49}}]},"29":{"loc":{"start":{"line":194,"column":8},"end":{"line":199,"column":9}},"type":"if","locations":[{"start":{"line":194,"column":8},"end":{"line":199,"column":9}},{"start":{},"end":{}}]},"30":{"loc":{"start":{"line":205,"column":17},"end":{"line":205,"column":33}},"type":"binary-expr","locations":[{"start":{"line":205,"column":17},"end":{"line":205,"column":28}},{"start":{"line":205,"column":32},"end":{"line":205,"column":33}}]},"31":{"loc":{"start":{"line":215,"column":15},"end":{"line":215,"column":71}},"type":"cond-expr","locations":[{"start":{"line":215,"column":40},"end":{"line":215,"column":53}},{"start":{"line":215,"column":56},"end":{"line":215,"column":71}}]},"32":{"loc":{"start":{"line":221,"column":2},"end":{"line":322,"column":3}},"type":"if","locations":[{"start":{"line":221,"column":2},"end":{"line":322,"column":3}},{"start":{},"end":{}}]},"33":{"loc":{"start":{"line":226,"column":8},"end":{"line":226,"column":25}},"type":"default-arg","locations":[{"start":{"line":226,"column":17},"end":{"line":226,"column":25}}]},"34":{"loc":{"start":{"line":227,"column":8},"end":{"line":227,"column":20}},"type":"default-arg","locations":[{"start":{"line":227,"column":16},"end":{"line":227,"column":20}}]},"35":{"loc":{"start":{"line":228,"column":8},"end":{"line":228,"column":20}},"type":"default-arg","locations":[{"start":{"line":228,"column":17},"end":{"line":228,"column":20}}]},"36":{"loc":{"start":{"line":229,"column":8},"end":{"line":229,"column":27}},"type":"default-arg","locations":[{"start":{"line":229,"column":17},"end":{"line":229,"column":27}}]},"37":{"loc":{"start":{"line":232,"column":6},"end":{"line":236,"column":7}},"type":"if","locations":[{"start":{"line":232,"column":6},"end":{"line":236,"column":7}},{"start":{},"end":{}}]},"38":{"loc":{"start":{"line":255,"column":6},"end":{"line":275,"column":7}},"type":"switch","locations":[{"start":{"line":256,"column":8},"end":{"line":258,"column":16}},{"start":{"line":259,"column":8},"end":{"line":261,"column":16}},{"start":{"line":262,"column":8},"end":{"line":264,"column":16}},{"start":{"line":265,"column":8},"end":{"line":268,"column":16}},{"start":{"line":269,"column":8},"end":{"line":272,"column":16}},{"start":{"line":273,"column":8},"end":{"line":274,"column":66}}]},"39":{"loc":{"start":{"line":278,"column":32},"end":{"line":278,"column":63}},"type":"binary-expr","locations":[{"start":{"line":278,"column":32},"end":{"line":278,"column":57}},{"start":{"line":278,"column":61},"end":{"line":278,"column":63}}]},"40":{"loc":{"start":{"line":279,"column":24},"end":{"line":279,"column":55}},"type":"binary-expr","locations":[{"start":{"line":279,"column":24},"end":{"line":279,"column":50}},{"start":{"line":279,"column":54},"end":{"line":279,"column":55}}]},"41":{"loc":{"start":{"line":284,"column":6},"end":{"line":290,"column":7}},"type":"if","locations":[{"start":{"line":284,"column":6},"end":{"line":290,"column":7}},{"start":{},"end":{}}]},"42":{"loc":{"start":{"line":293,"column":31},"end":{"line":293,"column":49}},"type":"binary-expr","locations":[{"start":{"line":293,"column":31},"end":{"line":293,"column":43}},{"start":{"line":293,"column":47},"end":{"line":293,"column":49}}]},"43":{"loc":{"start":{"line":294,"column":6},"end":{"line":300,"column":7}},"type":"if","locations":[{"start":{"line":294,"column":6},"end":{"line":300,"column":7}},{"start":{},"end":{}}]},"44":{"loc":{"start":{"line":296,"column":27},"end":{"line":296,"column":74}},"type":"binary-expr","locations":[{"start":{"line":296,"column":27},"end":{"line":296,"column":69}},{"start":{"line":296,"column":73},"end":{"line":296,"column":74}}]},"45":{"loc":{"start":{"line":296,"column":27},"end":{"line":296,"column":69}},"type":"cond-expr","locations":[{"start":{"line":296,"column":54},"end":{"line":296,"column":56}},{"start":{"line":296,"column":54},"end":{"line":296,"column":69}}]},"46":{"loc":{"start":{"line":296,"column":27},"end":{"line":296,"column":56}},"type":"binary-expr","locations":[{"start":{"line":296,"column":27},"end":{"line":296,"column":56}},{"start":{"line":296,"column":54},"end":{"line":296,"column":56}}]},"47":{"loc":{"start":{"line":296,"column":27},"end":{"line":296,"column":54}},"type":"cond-expr","locations":[{"start":{"line":296,"column":49},"end":{"line":296,"column":52}},{"start":{"line":296,"column":49},"end":{"line":296,"column":54}}]},"48":{"loc":{"start":{"line":296,"column":27},"end":{"line":296,"column":52}},"type":"binary-expr","locations":[{"start":{"line":296,"column":27},"end":{"line":296,"column":52}},{"start":{"line":296,"column":49},"end":{"line":296,"column":52}}]},"49":{"loc":{"start":{"line":297,"column":27},"end":{"line":297,"column":74}},"type":"binary-expr","locations":[{"start":{"line":297,"column":27},"end":{"line":297,"column":69}},{"start":{"line":297,"column":73},"end":{"line":297,"column":74}}]},"50":{"loc":{"start":{"line":297,"column":27},"end":{"line":297,"column":69}},"type":"cond-expr","locations":[{"start":{"line":297,"column":54},"end":{"line":297,"column":56}},{"start":{"line":297,"column":54},"end":{"line":297,"column":69}}]},"51":{"loc":{"start":{"line":297,"column":27},"end":{"line":297,"column":56}},"type":"binary-expr","locations":[{"start":{"line":297,"column":27},"end":{"line":297,"column":56}},{"start":{"line":297,"column":54},"end":{"line":297,"column":56}}]},"52":{"loc":{"start":{"line":297,"column":27},"end":{"line":297,"column":54}},"type":"cond-expr","locations":[{"start":{"line":297,"column":49},"end":{"line":297,"column":52}},{"start":{"line":297,"column":49},"end":{"line":297,"column":54}}]},"53":{"loc":{"start":{"line":297,"column":27},"end":{"line":297,"column":52}},"type":"binary-expr","locations":[{"start":{"line":297,"column":27},"end":{"line":297,"column":52}},{"start":{"line":297,"column":49},"end":{"line":297,"column":52}}]},"54":{"loc":{"start":{"line":319,"column":15},"end":{"line":319,"column":71}},"type":"cond-expr","locations":[{"start":{"line":319,"column":40},"end":{"line":319,"column":53}},{"start":{"line":319,"column":56},"end":{"line":319,"column":71}}]},"55":{"loc":{"start":{"line":324,"column":2},"end":{"line":460,"column":3}},"type":"if","locations":[{"start":{"line":324,"column":2},"end":{"line":460,"column":3}},{"start":{"line":458,"column":9},"end":{"line":460,"column":3}}]},"56":{"loc":{"start":{"line":333,"column":6},"end":{"line":337,"column":7}},"type":"if","locations":[{"start":{"line":333,"column":6},"end":{"line":337,"column":7}},{"start":{},"end":{}}]},"57":{"loc":{"start":{"line":333,"column":10},"end":{"line":333,"column":33}},"type":"binary-expr","locations":[{"start":{"line":333,"column":10},"end":{"line":333,"column":21}},{"start":{"line":333,"column":25},"end":{"line":333,"column":33}}]},"58":{"loc":{"start":{"line":339,"column":6},"end":{"line":343,"column":7}},"type":"if","locations":[{"start":{"line":339,"column":6},"end":{"line":343,"column":7}},{"start":{},"end":{}}]},"59":{"loc":{"start":{"line":339,"column":10},"end":{"line":339,"column":55}},"type":"binary-expr","locations":[{"start":
[...]
d":{"line":186,"column":9}},{"start":{},"end":{}}]},"28":{"loc":{"start":{"line":184,"column":12},"end":{"line":184,"column":67}},"type":"binary-expr","locations":[{"start":{"line":184,"column":12},"end":{"line":184,"column":18}},{"start":{"line":184,"column":22},"end":{"line":184,"column":34}},{"start":{"line":184,"column":38},"end":{"line":184,"column":50}},{"start":{"line":184,"column":54},"end":{"line":184,"column":67}}]},"29":{"loc":{"start":{"line":198,"column":22},"end":{"line":198,"column":70}},"type":"binary-expr","locations":[{"start":{"line":198,"column":22},"end":{"line":198,"column":30}},{"start":{"line":198,"column":34},"end":{"line":198,"column":70}}]},"30":{"loc":{"start":{"line":202,"column":20},"end":{"line":202,"column":76}},"type":"cond-expr","locations":[{"start":{"line":202,"column":54},"end":{"line":202,"column":64}},{"start":{"line":202,"column":67},"end":{"line":202,"column":76}}]},"31":{"loc":{"start":{"line":203,"column":30},"end":{"line":205,"column":20}},"type":"cond-expr","locations":[{"start":{"line":204,"column":16},"end":{"line":204,"column":50}},{"start":{"line":205,"column":16},"end":{"line":205,"column":20}}]},"32":{"loc":{"start":{"line":215,"column":8},"end":{"line":218,"column":9}},"type":"if","locations":[{"start":{"line":215,"column":8},"end":{"line":218,"column":9}},{"start":{},"end":{}}]},"33":{"loc":{"start":{"line":226,"column":6},"end":{"line":287,"column":7}},"type":"if","locations":[{"start":{"line":226,"column":6},"end":{"line":287,"column":7}},{"start":{},"end":{}}]},"34":{"loc":{"start":{"line":230,"column":8},"end":{"line":232,"column":9}},"type":"if","locations":[{"start":{"line":230,"column":8},"end":{"line":232,"column":9}},{"start":{},"end":{}}]},"35":{"loc":{"start":{"line":230,"column":12},"end":{"line":230,"column":78}},"type":"binary-expr","locations":[{"start":{"line":230,"column":12},"end":{"line":230,"column":24}},{"start":{"line":230,"column":28},"end":{"line":230,"column":39}},{"start":{"line":230,"column":43},"end":{"line":230,"column":78}}]},"36":{"loc":{"start":{"line":242,"column":8},"end":{"line":267,"column":9}},"type":"if","locations":[{"start":{"line":242,"column":8},"end":{"line":267,"column":9}},{"start":{"line":253,"column":15},"end":{"line":267,"column":9}}]},"37":{"loc":{"start":{"line":249,"column":10},"end":{"line":252,"column":11}},"type":"if","locations":[{"start":{"line":249,"column":10},"end":{"line":252,"column":11}},{"start":{},"end":{}}]},"38":{"loc":{"start":{"line":263,"column":10},"end":{"line":266,"column":11}},"type":"if","locations":[{"start":{"line":263,"column":10},"end":{"line":266,"column":11}},{"start":{},"end":{}}]},"39":{"loc":{"start":{"line":275,"column":24},"end":{"line":275,"column":76}},"type":"binary-expr","locations":[{"start":{"line":275,"column":24},"end":{"line":275,"column":71}},{"start":{"line":275,"column":75},"end":{"line":275,"column":76}}]},"40":{"loc":{"start":{"line":275,"column":24},"end":{"line":275,"column":71}},"type":"cond-expr","locations":[{"start":{"line":275,"column":29},"end":{"line":275,"column":31}},{"start":{"line":275,"column":24},"end":{"line":275,"column":71}}]},"41":{"loc":{"start":{"line":275,"column":24},"end":{"line":275,"column":31}},"type":"binary-expr","locations":[{"start":{"line":275,"column":24},"end":{"line":275,"column":31}},{"start":{"line":275,"column":24},"end":{"line":275,"column":31}}]},"42":{"loc":{"start":{"line":276,"column":26},"end":{"line":276,"column":80}},"type":"binary-expr","locations":[{"start":{"line":276,"column":26},"end":{"line":276,"column":75}},{"start":{"line":276,"column":79},"end":{"line":276,"column":80}}]},"43":{"loc":{"start":{"line":276,"column":26},"end":{"line":276,"column":75}},"type":"cond-expr","locations":[{"start":{"line":276,"column":31},"end":{"line":276,"column":33}},{"start":{"line":276,"column":26},"end":{"line":276,"column":75}}]},"44":{"loc":{"start":{"line":276,"column":26},"end":{"line":276,"column":33}},"type":"binary-expr","locations":[{"start":{"line":276,"column":26},"end":{"line":276,"column":33}},{"start":{"line":276,"column":26},"end":{"line":276,"column":33}}]},"45":{"loc":{"start":{"line":289,"column":6},"end":{"line":351,"column":7}},"type":"if","locations":[{"start":{"line":289,"column":6},"end":{"line":351,"column":7}},{"start":{},"end":{}}]},"46":{"loc":{"start":{"line":293,"column":8},"end":{"line":295,"column":9}},"type":"if","locations":[{"start":{"line":293,"column":8},"end":{"line":295,"column":9}},{"start":{},"end":{}}]},"47":{"loc":{"start":{"line":293,"column":12},"end":{"line":293,"column":80}},"type":"binary-expr","locations":[{"start":{"line":293,"column":12},"end":{"line":293,"column":25}},{"start":{"line":293,"column":29},"end":{"line":293,"column":42}},{"start":{"line":293,"column":46},"end":{"line":293,"column":57}},{"start":{"line":293,"column":61},"end":{"line":293,"column":80}}]},"48":{"loc":{"start":{"line":305,"column":27},"end":{"line":305,"column":97}},"type":"binary-expr","locations":[{"start":{"line":305,"column":27},"end":{"line":305,"column":44}},{"start":{"line":305,"column":48},"end":{"line":305,"column":74}},{"start":{"line":305,"column":78},"end":{"line":305,"column":97}}]},"49":{"loc":{"start":{"line":305,"column":27},"end":{"line":305,"column":44}},"type":"cond-expr","locations":[{"start":{"line":305,"column":34},"end":{"line":305,"column":36}},{"start":{"line":305,"column":27},"end":{"line":305,"column":44}}]},"50":{"loc":{"start":{"line":305,"column":27},"end":{"line":305,"column":36}},"type":"binary-expr","locations":[{"start":{"line":305,"column":27},"end":{"line":305,"column":36}},{"start":{"line":305,"column":27},"end":{"line":305,"column":36}}]},"51":{"loc":{"start":{"line":313,"column":21},"end":{"line":313,"column":40}},"type":"binary-expr","locations":[{"start":{"line":313,"column":21},"end":{"line":313,"column":32}},{"start":{"line":313,"column":36},"end":{"line":313,"column":40}}]},"52":{"loc":{"start":{"line":313,"column":21},"end":{"line":313,"column":32}},"type":"cond-expr","locations":[{"start":{"line":313,"column":28},"end":{"line":313,"column":30}},{"start":{"line":313,"column":21},"end":{"line":313,"column":32}}]},"53":{"loc":{"start":{"line":313,"column":21},"end":{"line":313,"column":30}},"type":"binary-expr","locations":[{"start":{"line":313,"column":21},"end":{"line":313,"column":30}},{"start":{"line":313,"column":21},"end":{"line":313,"column":30}}]},"54":{"loc":{"start":{"line":318,"column":8},"end":{"line":321,"column":9}},"type":"if","locations":[{"start":{"line":318,"column":8},"end":{"line":321,"column":9}},{"start":{},"end":{}}]},"55":{"loc":{"start":{"line":324,"column":8},"end":{"line":340,"column":9}},"type":"if","locations":[{"start":{"line":324,"column":8},"end":{"line":340,"column":9}},{"start":{},"end":{}}]},"56":{"loc":{"start":{"line":324,"column":12},"end":{"line":324,"column":23}},"type":"cond-expr","locations":[{"start":{"line":324,"column":19},"end":{"line":324,"column":21}},{"start":{"line":324,"column":12},"end":{"line":324,"column":23}}]},"57":{"loc":{"start":{"line":324,"column":12},"end":{"line":324,"column":21}},"type":"binary-expr","locations":[{"start":{"line":324,"column":12},"end":{"line":324,"column":21}},{"start":{"line":324,"column":12},"end":{"line":324,"column":21}}]},"58":{"loc":{"start":{"line":337,"column":10},"end":{"line":339,"column":11}},"type":"if","locations":[{"start":{"line":337,"column":10},"end":{"line":339,"column":11}},{"start":{},"end":{}}]},"59":{"loc":{"start":{"line":357,"column":15},"end":{"line":357,"column":71}},"type":"cond-expr","locations":[{"start":{"line":357,"column":40},"end":{"line":357,"column":53}},{"start":{"line":357,"column":56},"end":{"line":357,"column":71}}]}},"s":{"0":0,"1":0,"2":0,"3":0,"4":0,"5":0,"6":0,"7":0,"8":0,"9":0,"10":0,"11":0,"12":0,"13":0,"14":0,"15":0,"16":0,"17":0,"18":0,"19":0,"20":0,"21":0,"22":0,"23":0,"24":0,"25":0,"26":0,"27":0,"28":0,"29":0,"30":0,"31":0,"32":0,"33":0,"34":0,"35":0,"36":0,"37":0,"38":0,"39":0,"40":0,"41":0,"42":0,"43":0,"44":0,"45":0,"46":0,"47":0,"48":0,"49":0,"50":0,"51":0,"52":0,"53":0,"54":0,"55":0,"56":0,"57":0,"58":0,"59":0,"60":0,"61":0,"62":0,"63":0,"64":0,"65":0,"66":0,"67":0,"68":0,"69":0,"70":0,"71":0,"72":0,"73":0,"74":0,"75":0,"76":0,"77":0,"78":0,"79":0,"80":0,"81":0,"82":0,"83":0,"84":0,"85":0,"86":0,"87":0,"88":0,"89":0,"90":0,"91":0,"92":0,"93":0,"94":0,"95":0,"96":0,"97":0,"98":0,"99":0,"100":0,"101":0,"102":0,"103":0,"104":0,"105":0,"106":0,"107":0,"108":0,"109":0,"110":0},"f":{"0":0,"1":0,"2":0},"b":{"0":[0,0],"1":[0,0,0,0],"2":[0,0,0,0],"3":[0,0],"4":[0,0],"5":[0,0],"6":[0,0],"7":[0,0],"8":[0,0],"9":[0,0],"10":[0,0],"11":[0,0],"12":[0,0],"13":[0,0],"14":[0,0],"15":[0,0],"16":[0,0],"17":[0,0],"18":[0,0],"19":[0,0],"20":[0,0],"21":[0,0],"22":[0],"23":[0,0],"24":[0,0],"25":[0,0],"26":[0,0],"27":[0,0],"28":[0,0,0,0],"29":[0,0],"30":[0,0],"31":[0,0],"32":[0,0],"33":[0,0],"34":[0,0],"35":[0,0,0],"36":[0,0],"37":[0,0],"38":[0,0],"39":[0,0],"40":[0,0],"41":[0,0],"42":[0,0],"43":[0,0],"44":[0,0],"45":[0,0],"46":[0,0],"47":[0,0,0,0],"48":[0,0,0],"49":[0,0],"50":[0,0],"51":[0,0],"52":[0,0],"53":[0,0],"54":[0,0],"55":[0,0],"56":[0,0],"57":[0,0],"58":[0,0],"59":[0,0]}}
,"/Users/morabp27/Downloads/EthicalAI-1/api/user-scenarios.ts": {"path":"/Users/morabp27/Downloads/EthicalAI-1/api/user-scenarios.ts","statementMap":{"0":{"start":{"line":10,"column":0},"end":{"line":10,"column":15}},"1":{"start":{"line":2,"column":0},"end":{"line":2,"column":53}},"2":{"start":{"line":3,"column":0},"end":{"line":3,"column":57}},"3":{"start":{"line":5,"column":17},"end":{"line":7,"column":null}},"4":{"start":{"line":12,"column":2},"end":{"line":12,"column":52}},"5":{"start":{"line":13,"column":2},"end":{"line":13,"column":83}},"6":{"start":{"line":14,"column":2},"end":{"line":14,"column":79}},"7":{"start":{"line":16,"column":2},"end":{"line":18,"column":3}},"8":{"start":{"line":17,"column":4},"end":{"line":17,"column":33}},"9":{"start":{"line":20,"column":2},"end":{"line":162,"column":3}},"10":{"start":{"line":21,"column":4},"end":{"line":46,"column":5}},"11":{"start":{"line":23,"column":52},"end":{"line":23,"column":61}},"12":{"start":{"line":25,"column":18},"end":{"line":28,"column":50}},"13":{"start":{"line":30,"column":6},"end":{"line":32,"column":7}},"14":{"start":{"line":31,"column":8},"end":{"line":31,"column":47}},"15":{"start":{"line":34,"column":6},"end":{"line":36,"column":7}},"16":{"start":{"line":35,"column":8},"end":{"line":35,"column":55}},"17":{"start":{"line":38,"column":30},"end":{"line":38,"column":41}},"18":{"start":{"line":40,"column":6},"end":{"line":43,"column":7}},"19":{"start":{"line":41,"column":8},"end":{"line":41,"column":63}},"20":{"start":{"line":42,"column":8},"end":{"line":42,"column":76}},"21":{"start":{"line":45,"column":6},"end":{"line":45,"column":40}},"22":{"start":{"line":48,"column":4},"end":{"line":92,"column":5}},"23":{"start":{"line":50,"column":74},"end":{"line":50,"column":82}},"24":{"start":{"line":52,"column":6},"end":{"line":54,"column":7}},"25":{"start":{"line":53,"column":8},"end":{"line":53,"column":74}},"26":{"start":{"line":57,"column":6},"end":{"line":57,"column":49}},"27":{"start":{"line":58,"column":31},"end":{"line":58,"column":73}},"28":{"start":{"line":61,"column":30},"end":{"line":81,"column":17}},"29":{"start":{"line":83,"column":6},"end":{"line":86,"column":7}},"30":{"start":{"line":84,"column":8},"end":{"line":84,"column":57}},"31":{"start":{"line":85,"column":8},"end":{"line":85,"column":76}},"32":{"start":{"line":88,"column":6},"end":{"line":91,"column":9}},"33":{"start":{"line":94,"column":4},"end":{"line":155,"column":5}},"34":{"start":{"line":96,"column":53},"end":{"line":96,"column":61}},"35":{"start":{"line":98,"column":6},"end":{"line":100,"column":7}},"36":{"start":{"line":99,"column":8},"end":{"line":99,"column":68}},"37":{"start":{"line":103,"column":37},"end":{"line":108,"column":17}},"38":{"start":{"line":110,"column":6},"end":{"line":135,"column":7}},"39":{"start":{"line":112,"column":26},"end":{"line":115,"column":36}},"40":{"start":{"line":117,"column":8},"end":{"line":120,"column":9}},"41":{"start":{"line":118,"column":10},"end":{"line":118,"column":55}},"42":{"start":{"line":119,"column":10},"end":{"line":119,"column":74}},"43":{"start":{"line":123,"column":26},"end":{"line":129,"column":12}},"44":{"start":{"line":131,"column":8},"end":{"line":134,"column":9}},"45":{"start":{"line":132,"column":10},"end":{"line":132,"column":55}},"46":{"start":{"line":133,"column":10},"end":{"line":133,"column":74}},"47":{"start":{"line":138,"column":30},"end":{"line":141,"column":39}},"48":{"start":{"line":143,"column":22},"end":{"line":143,"column":74}},"49":{"start":{"line":143,"column":41},"end":{"line":143,"column":61}},"50":{"start":{"line":144,"column":24},"end":{"line":144,"column":78}},"51":{"start":{"line":144,"column":43},"end":{"line":144,"column":65}},"52":{"start":{"line":146,"column":6},"end":{"line":152,"column":31}},"53":{"start":{"line":154,"column":6},"end":{"line":154,"column":95}},"54":{"start":{"line":157,"column":4},"end":{"line":157,"column":65}},"55":{"start":{"line":160,"column":4},"end":{"line":160,"column":39}},"56":{"start":{"line":161,"column":4},"end":{"line":161,"column":68}}},"fnMap":{"0":{"name":"handler","decl":{"start":{"line":10,"column":30},"end":{"line":10,"column":37}},"loc":{"start":{"line":10,"column":77},"end":{"line":163,"column":1}}},"1":{"name":"(anonymous_1)","decl":{"start":{"line":143,"column":36},"end":{"line":143,"column":37}},"loc":{"start":{"line":143,"column":41},"end":{"line":143,"column":61}}},"2":{"name":"(anonymous_2)","decl":{"start":{"line":144,"column":38},"end":{"line":144,"column":39}},"loc":{"start":{"line":144,"column":43},"end":{"line":144,"column":65}}}},"branchMap":{"0":{"loc":{"start":{"line":16,"column":2},"end":{"line":18,"column":3}},"type":"if","locations":[{"start":{"line":16,"column":2},"end":{"line":18,"column":3}},{"start":{},"end":{}}]},"1":{"loc":{"start":{"line":21,"column":4},"end":{"line":46,"column":5}},"type":"if","locations":[{"start":{"line":21,"column":4},"end":{"line":46,"column":5}},{"start":{},"end":{}}]},"2":{"loc":{"start":{"line":23,"column":14},"end":{"line":23,"column":33}},"type":"default-arg","locations":[{"start":{"line":23,"column":23},"end":{"line":23,"column":33}}]},"3":{"loc":{"start":{"line":30,"column":6},"end":{"line":32,"column":7}},"type":"if","locations":[{"start":{"line":30,"column":6},"end":{"line":32,"column":7}},{"start":{},"end":{}}]},"4":{"loc":{"start":{"line":34,"column":6},"end":{"line":36,"column":7}},"type":"if","locations":[{"start":{"line":34,"column":6},"end":{"line":36,"column":7}},{"start":{},"end":{}}]},"5":{"loc":{"start":{"line":40,"column":6},"end":{"line":43,"column":7}},"type":"if","locations":[{"start":{"line":40,"column":6},"end":{"line":43,"column":7}},{"start":{},"end":{}}]},"6":{"loc":{"start":{"line":48,"column":4},"end":{"line":92,"column":5}},"type":"if","locations":[{"start":{"line":48,"column":4},"end":{"line":92,"column":5}},{"start":{},"end":{}}]},"7":{"loc":{"start":{"line":52,"column":6},"end":{"line":54,"column":7}},"type":"if","locations":[{"start":{"line":52,"column":6},"end":{"line":54,"column":7}},{"start":{},"end":{}}]},"8":{"loc":{"start":{"line":52,"column":10},"end":{"line":52,"column":65}},"type":"binary-expr","locations":[{"start":{"line":52,"column":10},"end":{"line":52,"column":16}},{"start":{"line":52,"column":20},"end":{"line":52,"column":32}},{"start":{"line":52,"column":36},"end":{"line":52,"column":48}},{"start":{"line":52,"column":52},"end":{"line":52,"column":65}}]},"9":{"loc":{"start":{"line":66,"column":20},"end":{"line":66,"column":68}},"type":"binary-expr","locations":[{"start":{"line":66,"column":20},"end":{"line":66,"column":28}},{"start":{"line":66,"column":32},"end":{"line":66,"column":68}}]},"10":{"loc":{"start":{"line":70,"column":18},"end":{"line":70,"column":74}},"type":"cond-expr","locations":[{"start":{"line":70,"column":52},"end":{"line":70,"column":62}},{"start":{"line":70,"column":65},"end":{"line":70,"column":74}}]},"11":{"loc":{"start":{"line":71,"column":28},"end":{"line":73,"column":18}},"type":"cond-expr","locations":[{"start":{"line":72,"column":14},"end":{"line":72,"column":48}},{"start":{"line":73,"column":14},"end":{"line":73,"column":18}}]},"12":{"loc":{"start":{"line":83,"column":6},"end":{"line":86,"column":7}},"type":"if","locations":[{"start":{"line":83,"column":6},"end":{"line":86,"column":7}},{"start":{},"end":{}}]},"13":{"loc":{"start":{"line":94,"column":4},"end":{"line":155,"column":5}},"type":"if","locations":[{"start":{"line":94,"column":4},"end":{"line":155,"column":5}},{"start":{},"end":{}}]},"14":{"loc":{"start":{"line":98,"column":6},"end":{"line":100,"column":7}},"type":"if","locations":[{"start":{"line":98,"column":6},"end":{"line":100,"column":7}},{"start":{},"end":{}}]},"15":{"loc":{"start":{"line":98,"column":10},"end":{"line":98,"column":76}},"type":"binary-expr","locations":[{"start":{"line":98,"column":10},"end":{"line":98,"column":22}},{"start":{"line":98,"column":26},"end":{"line":98,"column":37}},{"start":{"line":98,"column":41},"end":{"line":98,"column":76}}]},"16":{"loc":{"start":{"line":110,"column":6},"end":{"line":135,"column":7}},"type":"if","locations":[{"start":{"line":110,"column":6},"end":{"line":135,"column":7}},{"start":{"line":121,"column":13},"end":{"line":135,"column":7}}]},"17":{"loc":{"start":{"line":117,"column":8},"end":{"line":120,"column":9}},"type":"if","locations":[{"start":{"line":117,"column":8},"end":{"line":120,"column":9}},{"start":{},"end":{}}]},"18":{"loc":{"start":{"line":131,"column":8},"end":{"line":134,"column":9}},"type":"if","locations":[{"start":{"line":131,"column":8},"end":{"line":134,"column":9}},{"start":{},"end":{}}]},"19":{"loc":{"start":{"line":143,"column":22},"end":{"line":143,"column":74}},"type":"binary-expr","locations":[{"start":{"line":143,"column":22},"end":{"line":143,"column":69}},{"start":{"line":143,"column":73},"end":{"line":143,"column":74}}]},"20":{"loc":{"start":{"line":143,"column":22},"end":{"line":143,"column":69}},"type":"cond-expr","locations":[{"start":{"line":143,"column":27},"end":{"line":143,"column":29}},{"start":{"line":143,"column":22},"end":{"line":143,"column":69}}]},"21":{"loc":{"start":{"line":143,"column":22},"end":{"line":143,"column":29}},"type":"binary-expr","locations":[{"start":{"line":143,"column":22},"end":{"line":143,"column":29}},{"start":{"line":143,"column":22},"end":{"line":143,"column":29}}]},"22":{"loc":{"start":{"line":144,"column":24},"end":{"line":144,"column":78}},"type":"binary-expr","locations":[{"start":{"line":144,"column":24},"end":{"line":144,"column":73}},{"start":{"line":144,"column":77},"end":{"line":144,"column":78}}]},"23":{"loc":{"start":{"line":144,"column":24},"end":{"line":144,"column":73}},"type":"cond-expr","locations":[{"start":{"line":144,"column":29},"end":{"line":144,"column":31}},{"start":{"line":144,"column":24},"end":{"line":144,"column":73}}]},"24":{"loc":{"start":{"line":144,"column":24},"end":{"line":144,"column":31}},"type":"binary-expr","locations":[{"start":{"line":144,"column":24},"end":{"line":144,"column":31}},{"start":{"line":144,"column":24},"end":{"line":144,"column":31}}]}},"s":{"0":0,"1":0,"2":0,"3":0,"4":0,"5":0,"6":0,"7":0,"8":0,"9":0,"10":0,"11":0,"12":0,"13":0,"14":0,"15":0,"16":0,"17":0,"18":0,"19":0,"20":0,"21":0,"22":0,"23":0,"24":0,"25":0,"26":0,"27":0,"28":0,"29":0,"30":0,"31":0,"32":0,"33":0,"34":0,"35":0,"36":0,"37":0,"38":0,"39":0,"40":0,"41":0,"42":0,"43":0,"44":0,"45":0,"46":0,"47":0,"48":0,"49":0,"50":0,"51":0,"52":0,"53":0,"54":0,"55":0,"56":0},"f":{"0":0,"1":0,"2":0},"b":{"0":[0,0],"1":[0,0],"2":[0],"3":[0,0],"4":[0,0],"5":[0,0],"6":[0,0],"7":[0,0],"8":[0,0,0,0],"9":[0,0],"10":[0,0],"11":[0,0],"12":[0,0],"13":[0,0],"14":[0,0],"15":[0,0,0],"16":[0,0],"17":[0,0],"18":[0,0],"19":[0,0],"20":[0,0],"21":[0,0],"22":[0,0],"23":[0,0],"24":[0,0]}}
}
