TN:
SF:api/achievements.ts
FN:97,handler
FN:125,(anonymous_1)
FN:127,(anonymous_2)
FN:161,checkAndAwardAchievements
FN:194,(anonymous_4)
FN:200,(anonymous_5)
FN:201,(anonymous_6)
FN:204,(anonymous_7)
FN:209,(anonymous_8)
FN:251,(anonymous_9)
FNF:10
FNH:0
FNDA:0,handler
FNDA:0,(anonymous_1)
FNDA:0,(anonymous_2)
FNDA:0,checkAndAwardAchievements
FNDA:0,(anonymous_4)
FNDA:0,(anonymous_5)
FNDA:0,(anonymous_6)
FNDA:0,(anonymous_7)
FNDA:0,(anonymous_8)
FNDA:0,(anonymous_9)
DA:2,0
DA:4,0
DA:22,0
DA:97,0
DA:99,0
DA:100,0
DA:101,0
DA:103,0
DA:104,0
DA:107,0
DA:108,0
DA:109,0
DA:111,0
DA:113,0
DA:119,0
DA:120,0
DA:121,0
DA:125,0
DA:127,0
DA:130,0
DA:133,0
DA:137,0
DA:139,0
DA:141,0
DA:142,0
DA:145,0
DA:147,0
DA:153,0
DA:156,0
DA:157,0
DA:162,0
DA:164,0
DA:170,0
DA:181,0
DA:187,0
DA:193,0
DA:194,0
DA:195,0
DA:196,0
DA:199,0
DA:200,0
DA:201,0
DA:203,0
DA:204,0
DA:208,0
DA:209,0
DA:211,0
DA:213,0
DA:216,0
DA:217,0
DA:219,0
DA:221,0
DA:222,0
DA:224,0
DA:225,0
DA:227,0
DA:228,0
DA:230,0
DA:231,0
DA:233,0
DA:234,0
DA:236,0
DA:237,0
DA:241,0
DA:242,0
DA:243,0
DA:244,0
DA:248,0
DA:250,0
DA:251,0
DA:254,0
DA:256,0
DA:271,0
DA:272,0
DA:281,0
DA:284,0
DA:285,0
LF:77
LH:0
BRDA:103,0,0,0
BRDA:103,0,1,0
BRDA:108,1,0,0
BRDA:108,1,1,0
BRDA:111,2,0,0
BRDA:111,2,1,0
BRDA:119,3,0,0
BRDA:119,3,1,0
BRDA:125,4,0,0
BRDA:125,4,1,0
BRDA:125,5,0,0
BRDA:125,5,1,0
BRDA:130,6,0,0
BRDA:130,6,1,0
BRDA:137,7,0,0
BRDA:137,7,1,0
BRDA:141,8,0,0
BRDA:141,8,1,0
BRDA:193,9,0,0
BRDA:193,9,1,0
BRDA:193,10,0,0
BRDA:193,10,1,0
BRDA:193,11,0,0
BRDA:193,11,1,0
BRDA:194,12,0,0
BRDA:194,12,1,0
BRDA:194,13,0,0
BRDA:194,13,1,0
BRDA:194,14,0,0
BRDA:194,14,1,0
BRDA:194,15,0,0
BRDA:194,15,1,0
BRDA:195,16,0,0
BRDA:195,16,1,0
BRDA:195,17,0,0
BRDA:195,17,1,0
BRDA:195,18,0,0
BRDA:195,18,1,0
BRDA:196,19,0,0
BRDA:196,19,1,0
BRDA:196,20,0,0
BRDA:196,20,1,0
BRDA:196,21,0,0
BRDA:196,21,1,0
BRDA:199,22,0,0
BRDA:199,22,1,0
BRDA:199,23,0,0
BRDA:199,23,1,0
BRDA:199,24,0,0
BRDA:199,24,1,0
BRDA:200,25,0,0
BRDA:200,25,1,0
BRDA:200,26,0,0
BRDA:200,26,1,0
BRDA:200,27,0,0
BRDA:200,27,1,0
BRDA:200,28,0,0
BRDA:200,28,1,0
BRDA:203,29,0,0
BRDA:203,29,1,0
BRDA:208,30,0,0
BRDA:208,30,1,0
BRDA:208,31,0,0
BRDA:208,31,1,0
BRDA:208,32,0,0
BRDA:208,32,1,0
BRDA:209,33,0,0
BRDA:209,33,1,0
BRDA:209,34,0,0
BRDA:209,34,1,0
BRDA:209,35,0,0
BRDA:209,35,1,0
BRDA:209,36,0,0
BRDA:209,36,1,0
BRDA:209,37,0,0
BRDA:209,37,1,0
BRDA:219,38,0,0
BRDA:219,38,1,0
BRDA:219,38,2,0
BRDA:219,38,3,0
BRDA:219,38,4,0
BRDA:219,38,5,0
BRDA:243,39,0,0
BRDA:243,39,1,0
BRDA:248,40,0,0
BRDA:248,40,1,0
BRDA:250,41,0,0
BRDA:250,41,1,0
BRDA:250,42,0,0
BRDA:250,42,1,0
BRDA:251,43,0,0
BRDA:251,43,1,0
BRDA:254,44,0,0
BRDA:254,44,1,0
BRDA:271,45,0,0
BRDA:271,45,1,0
BRDA:271,46,0,0
BRDA:271,46,1,0
BRF:98
BRH:0
end_of_record
TN:
SF:api/leaderboard.ts
FN:10,handler
FN:77,recalculateLeaderboard
FN:109,(anonymous_2)
FN:136,(anonymous_3)
FN:156,(anonymous_4)
FN:167,(anonymous_5)
FN:200,(anonymous_6)
FN:201,(anonymous_7)
FNF:8
FNH:0
FNDA:0,handler
FNDA:0,recalculateLeaderboard
FNDA:0,(anonymous_2)
FNDA:0,(anonymous_3)
FNDA:0,(anonymous_4)
FNDA:0,(anonymous_5)
FNDA:0,(anonymous_6)
FNDA:0,(anonymous_7)
DA:2,0
DA:3,0
DA:5,0
DA:10,0
DA:12,0
DA:13,0
DA:14,0
DA:16,0
DA:17,0
DA:20,0
DA:21,0
DA:22,0
DA:25,0
DA:32,0
DA:33,0
DA:36,0
DA:38,0
DA:39,0
DA:41,0
DA:42,0
DA:44,0
DA:47,0
DA:50,0
DA:52,0
DA:53,0
DA:54,0
DA:57,0
DA:60,0
DA:62,0
DA:64,0
DA:66,0
DA:69,0
DA:72,0
DA:73,0
DA:78,0
DA:80,0
DA:92,0
DA:97,0
DA:106,0
DA:109,0
DA:110,0
DA:112,0
DA:123,0
DA:124,0
DA:127,0
DA:128,0
DA:129,0
DA:132,0
DA:136,0
DA:137,0
DA:139,0
DA:150,0
DA:151,0
DA:152,0
DA:156,0
DA:157,0
DA:158,0
DA:160,0
DA:161,0
DA:162,0
DA:167,0
DA:168,0
DA:172,0
DA:180,0
DA:200,0
DA:201,0
DA:202,0
DA:206,0
DA:212,0
DA:213,0
DA:217,0
DA:218,0
DA:220,0
DA:225,0
LF:74
LH:0
BRDA:16,0,0,0
BRDA:16,0,1,0
BRDA:21,1,0,0
BRDA:21,1,1,0
BRDA:22,2,0,0
BRDA:22,3,0,0
BRDA:22,4,0,0
BRDA:32,5,0,0
BRDA:32,5,1,0
BRDA:36,6,0,0
BRDA:36,6,1,0
BRDA:36,6,2,0
BRDA:52,7,0,0
BRDA:52,7,1,0
BRDA:57,8,0,0
BRDA:57,8,1,0
BRDA:60,9,0,0
BRDA:60,9,1,0
BRDA:109,10,0,0
BRDA:109,10,1,0
BRDA:109,11,0,0
BRDA:109,11,1,0
BRDA:110,12,0,0
BRDA:110,12,1,0
BRDA:112,13,0,0
BRDA:112,13,1,0
BRDA:124,14,0,0
BRDA:124,14,1,0
BRDA:127,15,0,0
BRDA:127,15,1,0
BRDA:127,16,0,0
BRDA:127,16,1,0
BRDA:127,17,0,0
BRDA:127,17,1,0
BRDA:127,18,0,0
BRDA:127,18,1,0
BRDA:127,19,0,0
BRDA:127,19,1,0
BRDA:136,20,0,0
BRDA:136,20,1,0
BRDA:136,21,0,0
BRDA:136,21,1,0
BRDA:137,22,0,0
BRDA:137,22,1,0
BRDA:139,23,0,0
BRDA:139,23,1,0
BRDA:156,24,0,0
BRDA:156,24,1,0
BRDA:156,25,0,0
BRDA:156,25,1,0
BRDA:157,26,0,0
BRDA:157,26,1,0
BRDA:157,27,0,0
BRDA:157,27,1,0
BRDA:158,28,0,0
BRDA:158,28,1,0
BRDA:161,29,0,0
BRDA:161,29,1,0
BRDA:161,30,0,0
BRDA:161,30,1,0
BRDA:168,31,0,0
BRDA:168,31,1,0
BRDA:181,32,0,0
BRDA:181,32,1,0
BRDA:212,33,0,0
BRDA:212,33,1,0
BRDA:217,34,0,0
BRDA:217,34,1,0
BRF:68
BRH:0
end_of_record
TN:
SF:api/perspective-rankings.ts
FN:14,handler
FN:48,(anonymous_1)
FN:83,(anonymous_2)
FN:87,(anonymous_3)
FN:135,(anonymous_4)
FN:172,(anonymous_5)
FN:188,calculateUserReputations
FN:208,(anonymous_7)
FN:233,(anonymous_8)
FN:235,(anonymous_9)
FN:258,(anonymous_10)
FN:266,getRecencyBonus
FN:275,getRankingDescription
FNF:13
FNH:0
FNDA:0,handler
FNDA:0,(anonymous_1)
FNDA:0,(anonymous_2)
FNDA:0,(anonymous_3)
FNDA:0,(anonymous_4)
FNDA:0,(anonymous_5)
FNDA:0,calculateUserReputations
FNDA:0,(anonymous_7)
FNDA:0,(anonymous_8)
FNDA:0,(anonymous_9)
FNDA:0,(anonymous_10)
FNDA:0,getRecencyBonus
FNDA:0,getRankingDescription
DA:2,0
DA:14,0
DA:15,0
DA:16,0
DA:17,0
DA:20,0
DA:21,0
DA:22,0
DA:25,0
DA:26,0
DA:29,0
DA:30,0
DA:31,0
DA:38,0
DA:40,0
DA:41,0
DA:47,0
DA:48,0
DA:51,0
DA:68,0
DA:74,0
DA:75,0
DA:76,0
DA:83,0
DA:84,0
DA:85,0
DA:86,0
DA:87,0
DA:88,0
DA:90,0
DA:92,0
DA:94,0
DA:95,0
DA:97,0
DA:98,0
DA:100,0
DA:101,0
DA:103,0
DA:104,0
DA:106,0
DA:107,0
DA:109,0
DA:110,0
DA:114,0
DA:121,0
DA:124,0
DA:135,0
DA:136,0
DA:138,0
DA:141,0
DA:146,0
DA:147,0
DA:148,0
DA:150,0
DA:172,0
DA:177,0
DA:178,0
DA:184,0
DA:189,0
DA:191,0
DA:200,0
DA:201,0
DA:202,0
DA:206,0
DA:208,0
DA:209,0
DA:210,0
DA:212,0
DA:213,0
DA:223,0
DA:224,0
DA:225,0
DA:227,0
DA:228,0
DA:233,0
DA:234,0
DA:235,0
DA:240,0
DA:247,0
DA:258,0
DA:261,0
DA:262,0
DA:267,0
DA:268,0
DA:269,0
DA:272,0
DA:276,0
DA:286,0
LF:88
LH:0
BRDA:25,0,0,0
BRDA:25,0,1,0
BRDA:29,1,0,0
BRDA:29,1,1,0
BRDA:34,2,0,0
BRDA:35,3,0,0
BRDA:36,4,0,0
BRDA:37,5,0,0
BRDA:40,6,0,0
BRDA:40,6,1,0
BRDA:53,7,0,0
BRDA:53,7,1,0
BRDA:74,8,0,0
BRDA:74,8,1,0
BRDA:83,9,0,0
BRDA:83,9,1,0
BRDA:84,10,0,0
BRDA:84,10,1,0
BRDA:85,11,0,0
BRDA:85,11,1,0
BRDA:85,12,0,0
BRDA:85,12,1,0
BRDA:85,13,0,0
BRDA:85,13,1,0
BRDA:85,14,0,0
BRDA:85,14,1,0
BRDA:85,15,0,0
BRDA:85,15,1,0
BRDA:86,16,0,0
BRDA:86,16,1,0
BRDA:87,17,0,0
BRDA:87,17,1,0
BRDA:87,18,0,0
BRDA:87,18,1,0
BRDA:87,19,0,0
BRDA:87,19,1,0
BRDA:87,20,0,0
BRDA:87,20,1,0
BRDA:87,21,0,0
BRDA:87,21,1,0
BRDA:92,22,0,0
BRDA:92,22,1,0
BRDA:92,22,2,0
BRDA:92,22,3,0
BRDA:92,22,4,0
BRDA:92,22,5,0
BRDA:92,22,6,0
BRDA:92,22,7,0
BRDA:136,23,0,0
BRDA:136,23,1,0
BRDA:146,24,0,0
BRDA:146,24,1,0
BRDA:147,25,0,0
BRDA:147,25,1,0
BRDA:172,26,0,0
BRDA:172,26,1,0
BRDA:180,27,0,0
BRDA:180,27,1,0
BRDA:200,28,0,0
BRDA:200,28,1,0
BRDA:208,29,0,0
BRDA:208,29,1,0
BRDA:208,30,0,0
BRDA:208,30,1,0
BRDA:210,31,0,0
BRDA:210,31,1,0
BRDA:212,32,0,0
BRDA:212,32,1,0
BRDA:225,33,0,0
BRDA:225,33,1,0
BRDA:227,34,0,0
BRDA:227,34,1,0
BRDA:227,35,0,0
BRDA:227,35,1,0
BRDA:227,36,0,0
BRDA:227,36,1,0
BRDA:227,37,0,0
BRDA:227,37,1,0
BRDA:227,38,0,0
BRDA:227,38,1,0
BRDA:234,39,0,0
BRDA:234,39,1,0
BRDA:286,40,0,0
BRDA:286,40,1,0
BRF:84
BRH:0
end_of_record
TN:
SF:api/perspectives.ts
FN:5,handler
FN:24,(anonymous_1)
FN:144,(anonymous_2)
FN:295,(anonymous_3)
FN:415,(anonymous_4)
FN:434,(anonymous_5)
FNF:6
FNH:0
FNDA:0,handler
FNDA:0,(anonymous_1)
FNDA:0,(anonymous_2)
FNDA:0,(anonymous_3)
FNDA:0,(anonymous_4)
FNDA:0,(anonymous_5)
DA:2,0
DA:3,0
DA:5,0
DA:6,0
DA:7,0
DA:8,0
DA:9,0
DA:10,0
DA:13,0
DA:14,0
DA:15,0
DA:18,0
DA:19,0
DA:23,0
DA:24,0
DA:27,0
DA:28,0
DA:29,0
DA:31,0
DA:32,0
DA:35,0
DA:37,0
DA:38,0
DA:41,0
DA:48,0
DA:49,0
DA:56,0
DA:65,0
DA:66,0
DA:67,0
DA:74,0
DA:80,0
DA:81,0
DA:88,0
DA:95,0
DA:96,0
DA:102,0
DA:110,0
DA:111,0
DA:119,0
DA:120,0
DA:122,0
DA:123,0
DA:126,0
DA:127,0
DA:129,0
DA:131,0
DA:137,0
DA:138,0
DA:144,0
DA:153,0
DA:155,0
DA:157,0
DA:159,0
DA:160,0
DA:163,0
DA:164,0
DA:167,0
DA:168,0
DA:172,0
DA:178,0
DA:179,0
DA:183,0
DA:194,0
DA:195,0
DA:201,0
DA:212,0
DA:213,0
DA:221,0
DA:222,0
DA:223,0
DA:230,0
DA:232,0
DA:233,0
DA:239,0
DA:255,0
DA:257,0
DA:258,0
DA:260,0
DA:261,0
DA:263,0
DA:264,0
DA:267,0
DA:268,0
DA:271,0
DA:272,0
DA:274,0
DA:278,0
DA:279,0
DA:280,0
DA:282,0
DA:284,0
DA:285,0
DA:286,0
DA:293,0
DA:294,0
DA:295,0
DA:296,0
DA:297,0
DA:298,0
DA:302,0
DA:316,0
DA:317,0
DA:324,0
DA:325,0
DA:326,0
DA:328,0
DA:331,0
DA:333,0
DA:334,0
DA:339,0
DA:340,0
DA:345,0
DA:346,0
DA:351,0
DA:352,0
DA:358,0
DA:364,0
DA:365,0
DA:366,0
DA:371,0
DA:374,0
DA:375,0
DA:377,0
DA:379,0
DA:380,0
DA:386,0
DA:387,0
DA:391,0
DA:403,0
DA:404,0
DA:405,0
DA:411,0
DA:414,0
DA:416,0
DA:428,0
DA:429,0
DA:431,0
DA:435,0
DA:439,0
DA:452,0
DA:453,0
DA:458,0
DA:459,0
LF:144
LH:0
BRDA:18,0,0,0
BRDA:18,0,1,0
BRDA:23,1,0,0
BRDA:23,1,1,0
BRDA:24,2,0,0
BRDA:24,2,1,0
BRDA:24,2,2,0
BRDA:27,3,0,0
BRDA:27,3,1,0
BRDA:27,4,0,0
BRDA:27,4,1,0
BRDA:27,4,2,0
BRDA:31,5,0,0
BRDA:31,5,1,0
BRDA:35,6,0,0
BRDA:35,6,1,0
BRDA:35,6,2,0
BRDA:48,7,0,0
BRDA:48,7,1,0
BRDA:65,8,0,0
BRDA:65,8,1,0
BRDA:80,9,0,0
BRDA:80,9,1,0
BRDA:90,10,0,0
BRDA:90,10,1,0
BRDA:95,11,0,0
BRDA:95,11,1,0
BRDA:113,12,0,0
BRDA:113,12,1,0
BRDA:119,13,0,0
BRDA:119,13,1,0
BRDA:119,14,0,0
BRDA:119,14,1,0
BRDA:122,15,0,0
BRDA:122,15,1,0
BRDA:129,16,0,0
BRDA:129,16,1,0
BRDA:137,17,0,0
BRDA:137,17,1,0
BRDA:144,18,0,0
BRDA:144,18,1,0
BRDA:144,19,0,0
BRDA:144,19,1,0
BRDA:144,20,0,0
BRDA:144,20,1,0
BRDA:148,21,0,0
BRDA:148,21,1,0
BRDA:155,22,0,0
BRDA:155,22,1,0
BRDA:159,23,0,0
BRDA:159,23,1,0
BRDA:159,24,0,0
BRDA:159,24,1,0
BRDA:163,25,0,0
BRDA:163,25,1,0
BRDA:167,26,0,0
BRDA:167,26,1,0
BRDA:178,27,0,0
BRDA:178,27,1,0
BRDA:178,28,0,0
BRDA:178,28,1,0
BRDA:194,29,0,0
BRDA:194,29,1,0
BRDA:205,30,0,0
BRDA:205,30,1,0
BRDA:215,31,0,0
BRDA:215,31,1,0
BRDA:221,32,0,0
BRDA:221,32,1,0
BRDA:226,33,0,0
BRDA:227,34,0,0
BRDA:228,35,0,0
BRDA:229,36,0,0
BRDA:232,37,0,0
BRDA:232,37,1,0
BRDA:255,38,0,0
BRDA:255,38,1,0
BRDA:255,38,2,0
BRDA:255,38,3,0
BRDA:255,38,4,0
BRDA:255,38,5,0
BRDA:278,39,0,0
BRDA:278,39,1,0
BRDA:279,40,0,0
BRDA:279,40,1,0
BRDA:284,41,0,0
BRDA:284,41,1,0
BRDA:293,42,0,0
BRDA:293,42,1,0
BRDA:294,43,0,0
BRDA:294,43,1,0
BRDA:296,44,0,0
BRDA:296,44,1,0
BRDA:296,45,0,0
BRDA:296,45,1,0
BRDA:296,46,0,0
BRDA:296,46,1,0
BRDA:296,47,0,0
BRDA:296,47,1,0
BRDA:296,48,0,0
BRDA:296,48,1,0
BRDA:297,49,0,0
BRDA:297,49,1,0
BRDA:297,50,0,0
BRDA:297,50,1,0
BRDA:297,51,0,0
BRDA:297,51,1,0
BRDA:297,52,0,0
BRDA:297,52,1,0
BRDA:297,53,0,0
BRDA:297,53,1,0
BRDA:319,54,0,0
BRDA:319,54,1,0
BRDA:324,55,0,0
BRDA:324,55,1,0
BRDA:333,56,0,0
BRDA:333,56,1,0
BRDA:333,57,0,0
BRDA:333,57,1,0
BRDA:339,58,0,0
BRDA:339,58,1,0
BRDA:339,59,0,0
BRDA:339,59,1,0
BRDA:345,60,0,0
BRDA:345,60,1,0
BRDA:351,61,0,0
BRDA:351,61,1,0
BRDA:364,62,0,0
BRDA:364,62,1,0
BRDA:364,63,0,0
BRDA:364,63,1,0
BRDA:379,64,0,0
BRDA:379,64,1,0
BRDA:386,65,0,0
BRDA:386,65,1,0
BRDA:397,66,0,0
BRDA:397,66,1,0
BRDA:403,67,0,0
BRDA:403,67,1,0
BRDA:428,68,0,0
BRDA:428,68,1,0
BRDA:455,69,0,0
BRDA:455,69,1,0
BRDA:458,70,0,0
BRDA:458,70,1,0
BRF:145
BRH:0
end_of_record
TN:
SF:api/platform-stats.ts
FN:4,handler
FN:57,(anonymous_1)
FNF:2
FNH:0
FNDA:0,handler
FNDA:0,(anonymous_1)
DA:2,0
DA:4,0
DA:5,0
DA:6,0
DA:9,0
DA:10,0
DA:11,0
DA:14,0
DA:15,0
DA:18,0
DA:19,0
DA:22,0
DA:23,0
DA:26,0
DA:31,0
DA:36,0
DA:40,0
DA:46,0
DA:50,0
DA:51,0
DA:52,0
DA:56,0
DA:57,0
DA:61,0
DA:63,0
DA:70,0
DA:72,0
DA:78,0
DA:79,0
LF:29
LH:0
BRDA:14,0,0,0
BRDA:14,0,1,0
BRDA:18,1,0,0
BRDA:18,1,1,0
BRDA:50,2,0,0
BRDA:50,2,1,0
BRDA:50,3,0,0
BRDA:50,3,1,0
BRDA:50,3,2,0
BRDA:50,3,3,0
BRDA:50,3,4,0
BRDA:57,4,0,0
BRDA:57,4,1,0
BRDA:57,5,0,0
BRDA:57,5,1,0
BRDA:57,6,0,0
BRDA:57,6,1,0
BRDA:57,7,0,0
BRDA:57,7,1,0
BRDA:57,8,0,0
BRDA:57,8,1,0
BRDA:57,9,0,0
BRDA:57,9,1,0
BRDA:57,10,0,0
BRDA:57,10,1,0
BRDA:64,11,0,0
BRDA:64,11,1,0
BRDA:65,12,0,0
BRDA:65,12,1,0
BRDA:66,13,0,0
BRDA:66,13,1,0
BRDA:66,14,0,0
BRDA:66,14,1,0
BRDA:81,15,0,0
BRDA:81,15,1,0
BRF:35
BRH:0
end_of_record
TN:
SF:api/realtime-classroom.ts
FN:40,(anonymous_0)
FN:64,(anonymous_1)
FN:111,(anonymous_2)
FN:176,(anonymous_3)
FN:211,(anonymous_4)
FN:212,(anonymous_5)
FN:213,(anonymous_6)
FN:220,(anonymous_7)
FN:251,handler
FNF:9
FNH:0
FNDA:0,(anonymous_0)
FNDA:0,(anonymous_1)
FNDA:0,(anonymous_2)
FNDA:0,(anonymous_3)
FNDA:0,(anonymous_4)
FNDA:0,(anonymous_5)
FNDA:0,(anonymous_6)
FNDA:0,(anonymous_7)
FNDA:0,handler
DA:2,0
DA:3,0
DA:6,0
DA:7,0
DA:9,0
DA:10,0
DA:13,0
DA:16,0
DA:26,0
DA:40,0
DA:41,0
DA:42,0
DA:43,0
DA:46,0
DA:48,0
DA:50,0
DA:52,0
DA:53,0
DA:56,0
DA:58,0
DA:59,0
DA:64,0
DA:65,0
DA:67,0
DA:70,0
DA:72,0
DA:82,0
DA:84,0
DA:89,0
DA:91,0
DA:93,0
DA:100,0
DA:102,0
DA:106,0
DA:111,0
DA:112,0
DA:114,0
DA:117,0
DA:119,0
DA:128,0
DA:131,0
DA:132,0
DA:147,0
DA:152,0
DA:154,0
DA:156,0
DA:165,0
DA:167,0
DA:171,0
DA:176,0
DA:177,0
DA:179,0
DA:180,0
DA:183,0
DA:184,0
DA:187,0
DA:189,0
DA:195,0
DA:198,0
DA:200,0
DA:206,0
DA:209,0
DA:211,0
DA:212,0
DA:213,0
DA:216,0
DA:220,0
DA:221,0
DA:223,0
DA:224,0
DA:228,0
DA:229,0
DA:234,0
DA:236,0
DA:242,0
DA:251,0
DA:253,0
DA:254,0
DA:255,0
DA:257,0
DA:258,0
DA:261,0
DA:262,0
DA:264,0
DA:266,0
DA:268,0
DA:270,0
DA:272,0
DA:274,0
DA:277,0
DA:278,0
LF:91
LH:0
BRDA:7,0,0,0
BRDA:7,0,1,0
BRDA:9,1,0,0
BRDA:9,1,1,0
BRDA:9,2,0,0
BRDA:9,2,1,0
BRDA:42,3,0,0
BRDA:42,3,1,0
BRDA:42,4,0,0
BRDA:42,4,1,0
BRDA:42,5,0,0
BRDA:42,5,1,0
BRDA:52,6,0,0
BRDA:52,6,1,0
BRDA:52,7,0,0
BRDA:52,7,1,0
BRDA:67,8,0,0
BRDA:67,8,1,0
BRDA:67,8,2,0
BRDA:82,9,0,0
BRDA:82,9,1,0
BRDA:89,10,0,0
BRDA:91,11,0,0
BRDA:91,11,1,0
BRDA:100,12,0,0
BRDA:100,12,1,0
BRDA:114,13,0,0
BRDA:114,13,1,0
BRDA:114,13,2,0
BRDA:128,14,0,0
BRDA:128,14,1,0
BRDA:131,15,0,0
BRDA:131,15,1,0
BRDA:131,16,0,0
BRDA:131,16,1,0
BRDA:154,17,0,0
BRDA:154,17,1,0
BRDA:165,18,0,0
BRDA:165,18,1,0
BRDA:179,19,0,0
BRDA:179,19,1,0
BRDA:184,20,0,0
BRDA:184,20,1,0
BRDA:195,21,0,0
BRDA:195,21,1,0
BRDA:206,22,0,0
BRDA:206,22,1,0
BRDA:210,23,0,0
BRDA:210,23,1,0
BRDA:210,24,0,0
BRDA:210,24,1,0
BRDA:210,25,0,0
BRDA:210,25,1,0
BRDA:211,26,0,0
BRDA:211,26,1,0
BRDA:211,27,0,0
BRDA:211,27,1,0
BRDA:211,28,0,0
BRDA:211,28,1,0
BRDA:212,29,0,0
BRDA:212,29,1,0
BRDA:212,30,0,0
BRDA:212,30,1,0
BRDA:212,31,0,0
BRDA:212,31,1,0
BRDA:213,32,0,0
BRDA:213,32,1,0
BRDA:213,33,0,0
BRDA:213,33,1,0
BRDA:213,34,0,0
BRDA:213,34,1,0
BRDA:223,35,0,0
BRDA:223,35,1,0
BRDA:234,36,0,0
BRDA:234,36,1,0
BRDA:245,37,0,0
BRDA:245,37,1,0
BRDA:257,38,0,0
BRDA:257,38,1,0
BRDA:264,39,0,0
BRDA:264,39,1,0
BRDA:264,39,2,0
BRDA:264,39,3,0
BRDA:264,39,4,0
BRDA:280,40,0,0
BRDA:280,40,1,0
BRF:86
BRH:0
end_of_record
TN:
SF:api/scenarios.ts
FN:4,handler
FN:42,(anonymous_1)
FNF:2
FNH:0
FNDA:0,handler
FNDA:0,(anonymous_1)
DA:2,0
DA:4,0
DA:5,0
DA:6,0
DA:9,0
DA:10,0
DA:11,0
DA:14,0
DA:15,0
DA:18,0
DA:19,0
DA:20,0
DA:22,0
DA:25,0
DA:31,0
DA:32,0
DA:33,0
DA:39,0
DA:42,0
DA:53,0
DA:56,0
DA:57,0
DA:63,0
LF:23
LH:0
BRDA:14,0,0,0
BRDA:14,0,1,0
BRDA:18,1,0,0
BRDA:18,1,1,0
BRDA:31,2,0,0
BRDA:31,2,1,0
BRDA:39,3,0,0
BRDA:39,3,1,0
BRDA:39,4,0,0
BRDA:39,4,1,0
BRDA:39,5,0,0
BRDA:39,5,1,0
BRDA:42,6,0,0
BRDA:42,6,1,0
BRDA:42,7,0,0
BRDA:42,7,1,0
BRDA:42,8,0,0
BRDA:42,8,1,0
BRDA:59,9,0,0
BRDA:59,9,1,0
BRF:20
BRH:0
end_of_record
TN:
SF:api/teacher.ts
FN:32,(anonymous_0)
FN:55,(anonymous_1)
FN:99,(anonymous_2)
FN:109,(anonymous_3)
FN:126,(anonymous_4)
FN:211,(anonymous_5)
FN:235,(anonymous_6)
FN:336,(anonymous_7)
FN:461,(anonymous_8)
FN:553,(anonymous_9)
FN:703,handler
FNF:11
FNH:0
FNDA:0,(anonymous_0)
FNDA:0,(anonymous_1)
FNDA:0,(anonymous_2)
FNDA:0,(anonymous_3)
FNDA:0,(anonymous_4)
FNDA:0,(anonymous_5)
FNDA:0,(anonymous_6)
FNDA:0,(anonymous_7)
FNDA:0,(anonymous_8)
FNDA:0,(anonymous_9)
FNDA:0,handler
DA:2,0
DA:3,0
DA:6,0
DA:7,0
DA:9,0
DA:10,0
DA:13,0
DA:16,0
DA:25,0
DA:33,0
DA:34,0
DA:35,0
DA:36,0
DA:38,0
DA:47,0
DA:55,0
DA:56,0
DA:57,0
DA:58,0
DA:61,0
DA:63,0
DA:64,0
DA:67,0
DA:69,0
DA:71,0
DA:72,0
DA:76,0
DA:82,0
DA:83,0
DA:87,0
DA:88,0
DA:91,0
DA:93,0
DA:94,0
DA:99,0
DA:100,0
DA:101,0
DA:102,0
DA:103,0
DA:105,0
DA:109,0
DA:110,0
DA:112,0
DA:114,0
DA:124,0
DA:126,0
DA:132,0
DA:136,0
DA:138,0
DA:139,0
DA:142,0
DA:143,0
DA:149,0
DA:150,0
DA:152,0
DA:156,0
DA:166,0
DA:168,0
DA:172,0
DA:173,0
DA:175,0
DA:177,0
DA:185,0
DA:186,0
DA:188,0
DA:192,0
DA:193,0
DA:195,0
DA:201,0
DA:203,0
DA:207,0
DA:211,0
DA:212,0
DA:214,0
DA:216,0
DA:218,0
DA:227,0
DA:228,0
DA:231,0
DA:233,0
DA:235,0
DA:240,0
DA:244,0
DA:247,0
DA:254,0
DA:255,0
DA:258,0
DA:264,0
DA:266,0
DA:270,0
DA:271,0
DA:273,0
DA:276,0
DA:286,0
DA:287,0
DA:290,0
DA:297,0
DA:299,0
DA:303,0
DA:304,0
DA:307,0
DA:317,0
DA:318,0
DA:321,0
DA:326,0
DA:328,0
DA:332,0
DA:336,0
DA:337,0
DA:339,0
DA:341,0
DA:342,0
DA:345,0
DA:352,0
DA:353,0
DA:356,0
DA:365,0
DA:367,0
DA:372,0
DA:373,0
DA:375,0
DA:376,0
DA:379,0
DA:386,0
DA:387,0
DA:391,0
DA:392,0
DA:393,0
DA:395,0
DA:398,0
DA:400,0
DA:401,0
DA:405,0
DA:415,0
DA:416,0
DA:417,0
DA:419,0
DA:422,0
DA:427,0
DA:429,0
DA:430,0
DA:434,0
DA:441,0
DA:442,0
DA:445,0
DA:451,0
DA:453,0
DA:457,0
DA:461,0
DA:462,0
DA:464,0
DA:465,0
DA:467,0
DA:468,0
DA:472,0
DA:478,0
DA:479,0
DA:483,0
DA:484,0
DA:494,0
DA:503,0
DA:504,0
DA:508,0
DA:521,0
DA:522,0
DA:525,0
DA:534,0
DA:542,0
DA:544,0
DA:548,0
DA:553,0
DA:554,0
DA:555,0
DA:557,0
DA:560,0
DA:561,0
DA:563,0
DA:568,0
DA:569,0
DA:574,0
DA:576,0
DA:583,0
DA:584,0
DA:587,0
DA:588,0
DA:589,0
DA:597,0
DA:599,0
DA:604,0
DA:605,0
DA:610,0
DA:611,0
DA:613,0
DA:617,0
DA:618,0
DA:619,0
DA:621,0
DA:626,0
DA:627,0
DA:632,0
DA:633,0
DA:638,0
DA:639,0
DA:641,0
DA:654,0
DA:655,0
DA:657,0
DA:661,0
DA:662,0
DA:663,0
DA:665,0
DA:670,0
DA:671,0
DA:676,0
DA:677,0
DA:682,0
DA:684,0
DA:692,0
DA:693,0
DA:695,0
DA:698,0
DA:703,0
DA:705,0
DA:706,0
DA:707,0
DA:709,0
DA:710,0
DA:713,0
DA:714,0
DA:716,0
DA:718,0
DA:720,0
DA:722,0
DA:724,0
DA:729,0
DA:731,0
DA:734,0
DA:735,0
LF:238
LH:0
BRDA:7,0,0,0
BRDA:7,0,1,0
BRDA:9,1,0,0
BRDA:9,1,1,0
BRDA:9,2,0,0
BRDA:9,2,1,0
BRDA:33,3,0,0
BRDA:33,3,1,0
BRDA:57,4,0,0
BRDA:57,4,1,0
BRDA:57,5,0,0
BRDA:57,5,1,0
BRDA:57,6,0,0
BRDA:57,6,1,0
BRDA:63,7,0,0
BRDA:63,7,1,0
BRDA:63,8,0,0
BRDA:63,8,1,0
BRDA:63,8,2,0
BRDA:71,9,0,0
BRDA:71,9,1,0
BRDA:71,10,0,0
BRDA:71,10,1,0
BRDA:82,11,0,0
BRDA:82,11,1,0
BRDA:82,12,0,0
BRDA:82,12,1,0
BRDA:87,13,0,0
BRDA:87,13,1,0
BRDA:112,14,0,0
BRDA:112,14,1,0
BRDA:112,14,2,0
BRDA:112,14,3,0
BRDA:112,14,4,0
BRDA:124,15,0,0
BRDA:124,15,1,0
BRDA:126,16,0,0
BRDA:126,16,1,0
BRDA:126,17,0,0
BRDA:126,17,1,0
BRDA:126,18,0,0
BRDA:126,18,1,0
BRDA:128,19,0,0
BRDA:128,19,1,0
BRDA:128,20,0,0
BRDA:128,20,1,0
BRDA:128,21,0,0
BRDA:128,21,1,0
BRDA:129,22,0,0
BRDA:129,22,1,0
BRDA:129,23,0,0
BRDA:129,23,1,0
BRDA:129,24,0,0
BRDA:129,24,1,0
BRDA:149,25,0,0
BRDA:149,25,1,0
BRDA:166,26,0,0
BRDA:166,26,1,0
BRDA:173,27,0,0
BRDA:173,27,1,0
BRDA:185,28,0,0
BRDA:185,28,1,0
BRDA:186,29,0,0
BRDA:186,29,1,0
BRDA:193,30,0,0
BRDA:193,30,1,0
BRDA:201,31,0,0
BRDA:201,31,1,0
BRDA:214,32,0,0
BRDA:214,32,1,0
BRDA:214,32,2,0
BRDA:214,32,3,0
BRDA:214,32,4,0
BRDA:227,33,0,0
BRDA:227,33,1,0
BRDA:233,34,0,0
BRDA:233,34,1,0
BRDA:235,35,0,0
BRDA:235,35,1,0
BRDA:235,36,0,0
BRDA:235,36,1,0
BRDA:235,37,0,0
BRDA:235,37,1,0
BRDA:237,38,0,0
BRDA:237,38,1,0
BRDA:237,39,0,0
BRDA:237,39,1,0
BRDA:237,40,0,0
BRDA:237,40,1,0
BRDA:254,41,0,0
BRDA:254,41,1,0
BRDA:254,42,0,0
BRDA:254,42,1,0
BRDA:264,43,0,0
BRDA:264,43,1,0
BRDA:271,44,0,0
BRDA:271,44,1,0
BRDA:286,45,0,0
BRDA:286,45,1,0
BRDA:286,46,0,0
BRDA:286,46,1,0
BRDA:297,47,0,0
BRDA:297,47,1,0
BRDA:304,48,0,0
BRDA:304,48,1,0
BRDA:317,49,0,0
BRDA:317,49,1,0
BRDA:317,50,0,0
BRDA:317,50,1,0
BRDA:326,51,0,0
BRDA:326,51,1,0
BRDA:339,52,0,0
BRDA:339,52,1,0
BRDA:339,52,2,0
BRDA:339,52,3,0
BRDA:342,53,0,0
BRDA:342,53,1,0
BRDA:352,54,0,0
BRDA:352,54,1,0
BRDA:352,55,0,0
BRDA:352,55,1,0
BRDA:365,56,0,0
BRDA:365,56,1,0
BRDA:375,57,0,0
BRDA:375,57,1,0
BRDA:376,58,0,0
BRDA:376,58,1,0
BRDA:376,59,0,0
BRDA:376,59,1,0
BRDA:386,60,0,0
BRDA:386,60,1,0
BRDA:386,61,0,0
BRDA:386,61,1,0
BRDA:392,62,0,0
BRDA:392,62,1,0
BRDA:400,63,0,0
BRDA:400,63,1,0
BRDA:400,64,0,0
BRDA:400,64,1,0
BRDA:415,65,0,0
BRDA:415,65,1,0
BRDA:416,66,0,0
BRDA:416,66,1,0
BRDA:429,67,0,0
BRDA:429,67,1,0
BRDA:429,68,0,0
BRDA:429,68,1,0
BRDA:441,69,0,0
BRDA:441,69,1,0
BRDA:441,70,0,0
BRDA:441,70,1,0
BRDA:451,71,0,0
BRDA:451,71,1,0
BRDA:462,72,0,0
BRDA:462,72,1,0
BRDA:462,72,2,0
BRDA:467,73,0,0
BRDA:467,73,1,0
BRDA:478,74,0,0
BRDA:478,74,1,0
BRDA:478,75,0,0
BRDA:478,75,1,0
BRDA:483,76,0,0
BRDA:483,76,1,0
BRDA:503,77,0,0
BRDA:503,77,1,0
BRDA:521,78,0,0
BRDA:521,78,1,0
BRDA:542,79,0,0
BRDA:542,79,1,0
BRDA:557,80,0,0
BRDA:557,80,1,0
BRDA:557,80,2,0
BRDA:557,80,3,0
BRDA:560,81,0,0
BRDA:560,81,1,0
BRDA:561,82,0,0
BRDA:561,82,1,0
BRDA:568,83,0,0
BRDA:568,83,1,0
BRDA:568,84,0,0
BRDA:568,84,1,0
BRDA:574,85,0,0
BRDA:574,85,1,0
BRDA:574,86,0,0
BRDA:574,86,1,0
BRDA:574,86,2,0
BRDA:583,87,0,0
BRDA:583,87,1,0
BRDA:587,88,0,0
BRDA:587,88,1,0
BRDA:588,89,0,0
BRDA:588,89,1,0
BRDA:597,90,0,0
BRDA:597,90,1,0
BRDA:597,91,0,0
BRDA:597,91,1,0
BRDA:604,92,0,0
BRDA:604,92,1,0
BRDA:604,93,0,0
BRDA:604,93,1,0
BRDA:610,94,0,0
BRDA:610,94,1,0
BRDA:610,95,0,0
BRDA:610,95,1,0
BRDA:610,95,2,0
BRDA:617,96,0,0
BRDA:617,96,1,0
BRDA:619,97,0,0
BRDA:619,97,1,0
BRDA:619,98,0,0
BRDA:619,98,1,0
BRDA:626,99,0,0
BRDA:626,99,1,0
BRDA:626,100,0,0
BRDA:626,100,1,0
BRDA:632,101,0,0
BRDA:632,101,1,0
BRDA:632,102,0,0
BRDA:632,102,1,0
BRDA:638,103,0,0
BRDA:638,103,1,0
BRDA:638,104,0,0
BRDA:638,104,1,0
BRDA:638,104,2,0
BRDA:639,105,0,0
BRDA:639,105,1,0
BRDA:639,106,0,0
BRDA:639,106,1,0
BRDA:646,107,0,0
BRDA:646,107,1,0
BRDA:654,108,0,0
BRDA:654,108,1,0
BRDA:661,109,0,0
BRDA:661,109,1,0
BRDA:663,110,0,0
BRDA:663,110,1,0
BRDA:663,111,0,0
BRDA:663,111,1,0
BRDA:670,112,0,0
BRDA:670,112,1,0
BRDA:670,113,0,0
BRDA:670,113,1,0
BRDA:676,114,0,0
BRDA:676,114,1,0
BRDA:676,115,0,0
BRDA:676,115,1,0
BRDA:682,116,0,0
BRDA:682,116,1,0
BRDA:682,117,0,0
BRDA:682,117,1,0
BRDA:682,117,2,0
BRDA:692,118,0,0
BRDA:692,118,1,0
BRDA:709,119,0,0
BRDA:709,119,1,0
BRDA:716,120,0,0
BRDA:716,120,1,0
BRDA:716,120,2,0
BRDA:716,120,3,0
BRDA:716,120,4,0
BRDA:716,120,5,0
BRDA:716,120,6,0
BRDA:716,120,7,0
BRDA:716,120,8,0
BRDA:737,121,0,0
BRDA:737,121,1,0
BRF:267
BRH:0
end_of_record
TN:
SF:api/user-dashboard.ts
FN:4,handler
FN:22,(anonymous_1)
FN:65,(anonymous_2)
FN:90,(anonymous_3)
FN:116,(anonymous_4)
FN:120,(anonymous_5)
FN:177,(anonymous_6)
FN:179,(anonymous_7)
FNF:8
FNH:0
FNDA:0,handler
FNDA:0,(anonymous_1)
FNDA:0,(anonymous_2)
FNDA:0,(anonymous_3)
FNDA:0,(anonymous_4)
FNDA:0,(anonymous_5)
FNDA:0,(anonymous_6)
FNDA:0,(anonymous_7)
DA:2,0
DA:4,0
DA:5,0
DA:6,0
DA:7,0
DA:10,0
DA:11,0
DA:12,0
DA:15,0
DA:16,0
DA:19,0
DA:22,0
DA:23,0
DA:29,0
DA:30,0
DA:33,0
DA:36,0
DA:37,0
DA:38,0
DA:40,0
DA:41,0
DA:46,0
DA:47,0
DA:50,0
DA:51,0
DA:54,0
DA:60,0
DA:61,0
DA:62,0
DA:65,0
DA:67,0
DA:68,0
DA:72,0
DA:84,0
DA:85,0
DA:86,0
DA:90,0
DA:92,0
DA:93,0
DA:96,0
DA:110,0
DA:111,0
DA:115,0
DA:116,0
DA:117,0
DA:120,0
DA:125,0
DA:129,0
DA:135,0
DA:136,0
DA:140,0
DA:141,0
DA:142,0
DA:145,0
DA:162,0
DA:163,0
DA:167,0
DA:168,0
DA:171,0
DA:172,0
DA:175,0
DA:177,0
DA:179,0
DA:184,0
DA:189,0
DA:196,0
DA:207,0
DA:208,0
DA:213,0
DA:214,0
DA:215,0
DA:217,0
DA:218,0
DA:220,0
DA:221,0
DA:225,0
DA:226,0
DA:227,0
DA:230,0
DA:231,0
DA:233,0
DA:234,0
DA:238,0
DA:244,0
DA:245,0
DA:249,0
DA:256,0
DA:257,0
DA:261,0
DA:269,0
DA:270,0
DA:274,0
DA:281,0
DA:282,0
DA:286,0
DA:299,0
DA:300,0
DA:301,0
DA:304,0
DA:311,0
DA:314,0
DA:315,0
DA:321,0
LF:103
LH:0
BRDA:15,0,0,0
BRDA:15,0,1,0
BRDA:29,1,0,0
BRDA:29,1,1,0
BRDA:29,2,0,0
BRDA:29,2,1,0
BRDA:36,3,0,0
BRDA:36,3,1,0
BRDA:40,4,0,0
BRDA:40,4,1,0
BRDA:40,5,0,0
BRDA:40,5,1,0
BRDA:46,6,0,0
BRDA:46,6,1,0
BRDA:46,6,2,0
BRDA:50,7,0,0
BRDA:50,7,1,0
BRDA:60,8,0,0
BRDA:60,8,1,0
BRDA:65,9,0,0
BRDA:65,9,1,0
BRDA:65,10,0,0
BRDA:65,10,1,0
BRDA:65,11,0,0
BRDA:65,11,1,0
BRDA:67,12,0,0
BRDA:67,12,1,0
BRDA:84,13,0,0
BRDA:84,13,1,0
BRDA:90,14,0,0
BRDA:90,14,1,0
BRDA:90,15,0,0
BRDA:90,15,1,0
BRDA:90,16,0,0
BRDA:90,16,1,0
BRDA:92,17,0,0
BRDA:92,17,1,0
BRDA:93,18,0,0
BRDA:93,18,1,0
BRDA:110,19,0,0
BRDA:110,19,1,0
BRDA:116,20,0,0
BRDA:116,20,1,0
BRDA:116,21,0,0
BRDA:116,21,1,0
BRDA:120,22,0,0
BRDA:120,22,1,0
BRDA:120,23,0,0
BRDA:120,23,1,0
BRDA:120,24,0,0
BRDA:120,24,1,0
BRDA:135,25,0,0
BRDA:135,25,1,0
BRDA:135,26,0,0
BRDA:135,26,1,0
BRDA:141,27,0,0
BRDA:141,27,1,0
BRDA:141,28,0,0
BRDA:141,28,1,0
BRDA:162,29,0,0
BRDA:162,29,1,0
BRDA:176,30,0,0
BRDA:176,30,1,0
BRDA:176,31,0,0
BRDA:176,31,1,0
BRDA:176,32,0,0
BRDA:176,32,1,0
BRDA:177,33,0,0
BRDA:177,33,1,0
BRDA:177,34,0,0
BRDA:177,34,1,0
BRDA:177,35,0,0
BRDA:177,35,1,0
BRDA:177,36,0,0
BRDA:177,36,1,0
BRDA:178,37,0,0
BRDA:178,37,1,0
BRDA:178,38,0,0
BRDA:178,38,1,0
BRDA:178,39,0,0
BRDA:178,39,1,0
BRDA:179,40,0,0
BRDA:179,40,1,0
BRDA:179,41,0,0
BRDA:179,41,1,0
BRDA:179,42,0,0
BRDA:179,42,1,0
BRDA:180,43,0,0
BRDA:180,43,1,0
BRDA:180,44,0,0
BRDA:180,44,1,0
BRDA:180,45,0,0
BRDA:180,45,1,0
BRDA:199,46,0,0
BRDA:199,46,1,0
BRDA:201,47,0,0
BRDA:201,47,1,0
BRDA:210,48,0,0
BRDA:210,48,1,0
BRDA:213,49,0,0
BRDA:213,49,1,0
BRDA:217,50,0,0
BRDA:217,50,1,0
BRDA:220,51,0,0
BRDA:220,51,1,0
BRDA:220,52,0,0
BRDA:220,52,1,0
BRDA:226,53,0,0
BRDA:226,53,1,0
BRDA:226,54,0,0
BRDA:226,54,1,0
BRDA:233,55,0,0
BRDA:233,55,1,0
BRDA:233,56,0,0
BRDA:233,56,1,0
BRDA:244,57,0,0
BRDA:244,57,1,0
BRDA:244,58,0,0
BRDA:244,58,1,0
BRDA:256,59,0,0
BRDA:256,59,1,0
BRDA:256,60,0,0
BRDA:256,60,1,0
BRDA:269,61,0,0
BRDA:269,61,1,0
BRDA:269,62,0,0
BRDA:269,62,1,0
BRDA:281,63,0,0
BRDA:281,63,1,0
BRDA:293,64,0,0
BRDA:293,64,1,0
BRDA:299,65,0,0
BRDA:299,65,1,0
BRDA:317,66,0,0
BRDA:317,66,1,0
BRF:135
BRH:0
end_of_record
TN:
SF:api/user-profile.ts
FN:4,handler
FNF:1
FNH:0
FNDA:0,handler
DA:2,0
DA:4,0
DA:6,0
DA:7,0
DA:8,0
DA:11,0
DA:12,0
DA:15,0
DA:17,0
DA:18,0
DA:19,0
DA:22,0
DA:23,0
DA:29,0
DA:30,0
DA:36,0
DA:42,0
DA:43,0
DA:49,0
DA:63,0
DA:64,0
DA:65,0
DA:71,0
DA:81,0
DA:82,0
DA:89,0
DA:90,0
DA:91,0
DA:93,0
DA:94,0
DA:97,0
DA:103,0
DA:104,0
DA:107,0
DA:110,0
DA:111,0
DA:119,0
LF:37
LH:0
BRDA:11,0,0,0
BRDA:11,0,1,0
BRDA:17,1,0,0
BRDA:17,1,1,0
BRDA:22,2,0,0
BRDA:22,2,1,0
BRDA:22,3,0,0
BRDA:22,3,1,0
BRDA:29,4,0,0
BRDA:29,4,1,0
BRDA:42,5,0,0
BRDA:42,5,1,0
BRDA:54,6,0,0
BRDA:54,6,1,0
BRDA:55,7,0,0
BRDA:55,7,1,0
BRDA:63,8,0,0
BRDA:63,8,1,0
BRDA:84,9,0,0
BRDA:84,9,1,0
BRDA:89,10,0,0
BRDA:89,10,1,0
BRDA:93,11,0,0
BRDA:93,11,1,0
BRDA:103,12,0,0
BRDA:103,12,1,0
BRDA:103,13,0,0
BRDA:103,13,1,0
BRDA:113,14,0,0
BRDA:113,14,1,0
BRF:30
BRH:0
end_of_record
TN:
SF:api/user-progress.ts
FN:11,handler
FN:275,(anonymous_1)
FN:276,(anonymous_2)
FNF:3
FNH:0
FNDA:0,handler
FNDA:0,(anonymous_1)
FNDA:0,(anonymous_2)
DA:2,0
DA:3,0
DA:4,0
DA:6,0
DA:11,0
DA:12,0
DA:13,0
DA:14,0
DA:17,0
DA:18,0
DA:19,0
DA:22,0
DA:23,0
DA:27,0
DA:28,0
DA:30,0
DA:32,0
DA:33,0
DA:35,0
DA:38,0
DA:40,0
DA:41,0
DA:47,0
DA:54,0
DA:55,0
DA:56,0
DA:61,0
DA:64,0
DA:71,0
DA:72,0
DA:73,0
DA:81,0
DA:83,0
DA:95,0
DA:96,0
DA:97,0
DA:103,0
DA:104,0
DA:107,0
DA:118,0
DA:119,0
DA:120,0
DA:126,0
DA:127,0
DA:131,0
DA:142,0
DA:143,0
DA:150,0
DA:152,0
DA:153,0
DA:155,0
DA:157,0
DA:162,0
DA:163,0
DA:166,0
DA:167,0
DA:170,0
DA:172,0
DA:173,0
DA:174,0
DA:177,0
DA:180,0
DA:182,0
DA:184,0
DA:185,0
DA:189,0
DA:190,0
DA:193,0
DA:215,0
DA:216,0
DA:217,0
DA:220,0
DA:226,0
DA:228,0
DA:230,0
DA:231,0
DA:235,0
DA:242,0
DA:244,0
DA:249,0
DA:250,0
DA:251,0
DA:255,0
DA:263,0
DA:264,0
DA:265,0
DA:270,0
DA:275,0
DA:276,0
DA:278,0
DA:286,0
DA:289,0
DA:291,0
DA:293,0
DA:294,0
DA:298,0
DA:305,0
DA:307,0
DA:318,0
DA:319,0
DA:320,0
DA:324,0
DA:325,0
DA:337,0
DA:338,0
DA:342,0
DA:354,0
DA:355,0
DA:363,0
LF:109
LH:0
BRDA:22,0,0,0
BRDA:22,0,1,0
BRDA:27,1,0,0
BRDA:27,1,1,0
BRDA:27,1,2,0
BRDA:27,1,3,0
BRDA:28,2,0,0
BRDA:28,2,1,0
BRDA:28,2,2,0
BRDA:28,2,3,0
BRDA:30,3,0,0
BRDA:30,3,1,0
BRDA:40,4,0,0
BRDA:40,4,1,0
BRDA:40,5,0,0
BRDA:40,5,1,0
BRDA:54,6,0,0
BRDA:54,6,1,0
BRDA:54,7,0,0
BRDA:54,7,1,0
BRDA:71,8,0,0
BRDA:71,8,1,0
BRDA:71,9,0,0
BRDA:71,9,1,0
BRDA:81,10,0,0
BRDA:81,10,1,0
BRDA:86,11,0,0
BRDA:86,11,1,0
BRDA:86,12,0,0
BRDA:86,12,1,0
BRDA:87,13,0,0
BRDA:87,13,1,0
BRDA:95,14,0,0
BRDA:95,14,1,0
BRDA:112,15,0,0
BRDA:112,15,1,0
BRDA:112,16,0,0
BRDA:112,16,1,0
BRDA:113,17,0,0
BRDA:113,17,1,0
BRDA:118,18,0,0
BRDA:118,18,1,0
BRDA:145,19,0,0
BRDA:145,19,1,0
BRDA:150,20,0,0
BRDA:150,20,1,0
BRDA:153,21,0,0
BRDA:153,21,1,0
BRDA:155,22,0,0
BRDA:162,23,0,0
BRDA:162,23,1,0
BRDA:166,24,0,0
BRDA:166,24,1,0
BRDA:172,25,0,0
BRDA:172,25,1,0
BRDA:180,26,0,0
BRDA:180,26,1,0
BRDA:184,27,0,0
BRDA:184,27,1,0
BRDA:184,28,0,0
BRDA:184,28,1,0
BRDA:184,28,2,0
BRDA:184,28,3,0
BRDA:198,29,0,0
BRDA:198,29,1,0
BRDA:202,30,0,0
BRDA:202,30,1,0
BRDA:203,31,0,0
BRDA:203,31,1,0
BRDA:215,32,0,0
BRDA:215,32,1,0
BRDA:226,33,0,0
BRDA:226,33,1,0
BRDA:230,34,0,0
BRDA:230,34,1,0
BRDA:230,35,0,0
BRDA:230,35,1,0
BRDA:230,35,2,0
BRDA:242,36,0,0
BRDA:242,36,1,0
BRDA:249,37,0,0
BRDA:249,37,1,0
BRDA:263,38,0,0
BRDA:263,38,1,0
BRDA:275,39,0,0
BRDA:275,39,1,0
BRDA:275,40,0,0
BRDA:275,40,1,0
BRDA:275,41,0,0
BRDA:275,41,1,0
BRDA:276,42,0,0
BRDA:276,42,1,0
BRDA:276,43,0,0
BRDA:276,43,1,0
BRDA:276,44,0,0
BRDA:276,44,1,0
BRDA:289,45,0,0
BRDA:289,45,1,0
BRDA:293,46,0,0
BRDA:293,46,1,0
BRDA:293,47,0,0
BRDA:293,47,1,0
BRDA:293,47,2,0
BRDA:293,47,3,0
BRDA:305,48,0,0
BRDA:305,48,1,0
BRDA:305,48,2,0
BRDA:305,49,0,0
BRDA:305,49,1,0
BRDA:305,50,0,0
BRDA:305,50,1,0
BRDA:313,51,0,0
BRDA:313,51,1,0
BRDA:313,52,0,0
BRDA:313,52,1,0
BRDA:313,53,0,0
BRDA:313,53,1,0
BRDA:318,54,0,0
BRDA:318,54,1,0
BRDA:324,55,0,0
BRDA:324,55,1,0
BRDA:324,56,0,0
BRDA:324,56,1,0
BRDA:324,57,0,0
BRDA:324,57,1,0
BRDA:337,58,0,0
BRDA:337,58,1,0
BRDA:357,59,0,0
BRDA:357,59,1,0
BRF:129
BRH:0
end_of_record
TN:
SF:api/user-scenarios.ts
FN:10,handler
FN:143,(anonymous_1)
FN:144,(anonymous_2)
FNF:3
FNH:0
FNDA:0,handler
FNDA:0,(anonymous_1)
FNDA:0,(anonymous_2)
DA:2,0
DA:3,0
DA:5,0
DA:10,0
DA:12,0
DA:13,0
DA:14,0
DA:16,0
DA:17,0
DA:20,0
DA:21,0
DA:23,0
DA:25,0
DA:30,0
DA:31,0
DA:34,0
DA:35,0
DA:38,0
DA:40,0
DA:41,0
DA:42,0
DA:45,0
DA:48,0
DA:50,0
DA:52,0
DA:53,0
DA:57,0
DA:58,0
DA:61,0
DA:83,0
DA:84,0
DA:85,0
DA:88,0
DA:94,0
DA:96,0
DA:98,0
DA:99,0
DA:103,0
DA:110,0
DA:112,0
DA:117,0
DA:118,0
DA:119,0
DA:123,0
DA:131,0
DA:132,0
DA:133,0
DA:138,0
DA:143,0
DA:144,0
DA:146,0
DA:154,0
DA:157,0
DA:160,0
DA:161,0
LF:55
LH:0
BRDA:16,0,0,0
BRDA:16,0,1,0
BRDA:21,1,0,0
BRDA:21,1,1,0
BRDA:23,2,0,0
BRDA:30,3,0,0
BRDA:30,3,1,0
BRDA:34,4,0,0
BRDA:34,4,1,0
BRDA:40,5,0,0
BRDA:40,5,1,0
BRDA:48,6,0,0
BRDA:48,6,1,0
BRDA:52,7,0,0
BRDA:52,7,1,0
BRDA:52,8,0,0
BRDA:52,8,1,0
BRDA:52,8,2,0
BRDA:52,8,3,0
BRDA:66,9,0,0
BRDA:66,9,1,0
BRDA:70,10,0,0
BRDA:70,10,1,0
BRDA:71,11,0,0
BRDA:71,11,1,0
BRDA:83,12,0,0
BRDA:83,12,1,0
BRDA:94,13,0,0
BRDA:94,13,1,0
BRDA:98,14,0,0
BRDA:98,14,1,0
BRDA:98,15,0,0
BRDA:98,15,1,0
BRDA:98,15,2,0
BRDA:110,16,0,0
BRDA:110,16,1,0
BRDA:117,17,0,0
BRDA:117,17,1,0
BRDA:131,18,0,0
BRDA:131,18,1,0
BRDA:143,19,0,0
BRDA:143,19,1,0
BRDA:143,20,0,0
BRDA:143,20,1,0
BRDA:143,21,0,0
BRDA:143,21,1,0
BRDA:144,22,0,0
BRDA:144,22,1,0
BRDA:144,23,0,0
BRDA:144,23,1,0
BRDA:144,24,0,0
BRDA:144,24,1,0
BRF:52
BRH:0
end_of_record
